2021-03-11 14:57:45,354 [Worker-1] INFO  c.g.t.t.d.PublishedGradleVersions - Gradle version information cache is out-of-date. Trying to update.
2021-03-12 14:44:03,774 [Worker-0] INFO  c.g.t.t.d.PublishedGradleVersions - Gradle version information cache is up-to-date. Trying to read.
2021-03-12 14:49:36,649 [Worker-17] INFO  o.e.m.c.i.p.ProjectConfigurationManager - Collecting project info '/pom.xml' C:\automationSoftek\ISOTrainWeb\pom.xml
2021-03-12 14:49:37,704 [Worker-17] INFO  o.e.m.c.i.l.LifecycleMappingFactory - Using org.eclipse.m2e.jdt.JarLifecycleMapping lifecycle mapping for MavenProject: com.softekISOTrainWeb:ISOTrainWeb:0.0.1-SNAPSHOT @ C:\automationSoftek\ISOTrainWeb\pom.xml.
2021-03-12 14:49:38,434 [Worker-17] INFO  o.e.m.j.i.AbstractJavaProjectConfigurator - Adding source folder /ISOTrainWeb/src/main/java
2021-03-12 14:49:38,440 [Worker-17] INFO  o.e.m.j.i.AbstractJavaProjectConfigurator - Adding source folder /ISOTrainWeb/src/test/java
2021-03-12 14:49:39,291 [Worker-17] INFO  o.e.m.c.i.p.ProjectConfigurationManager - Imported and configured 1 project(s) in 2 sec
2021-03-12 14:49:39,944 [Worker-4] INFO  o.e.m.c.i.embedder.EclipseLogger - Using 'UTF-8' encoding to copy filtered resources.
2021-03-12 14:49:39,944 [Worker-4] INFO  o.e.m.c.i.embedder.EclipseLogger - skip non existing resourceDirectory C:\automationSoftek\ISOTrainWeb\src\main\resources
2021-03-12 14:49:39,946 [Worker-4] INFO  o.e.m.c.i.embedder.EclipseLogger - Using 'UTF-8' encoding to copy filtered resources.
2021-03-12 14:49:39,946 [Worker-4] INFO  o.e.m.c.i.embedder.EclipseLogger - skip non existing resourceDirectory C:\automationSoftek\ISOTrainWeb\src\test\resources
2021-03-12 15:07:48,661 [Worker-22] INFO  o.e.m.c.i.l.LifecycleMappingFactory - Using org.eclipse.m2e.jdt.JarLifecycleMapping lifecycle mapping for MavenProject: com.softekISOTrainWeb:ISOTrainWeb:0.0.1-SNAPSHOT @ C:\automationSoftek\ISOTrainWeb\pom.xml.
2021-03-12 15:07:48,862 [Worker-22] INFO  o.e.m.c.i.embedder.EclipseLogger - Using 'UTF-8' encoding to copy filtered resources.
2021-03-12 15:07:48,863 [Worker-22] INFO  o.e.m.c.i.embedder.EclipseLogger - skip non existing resourceDirectory C:\automationSoftek\ISOTrainWeb\src\main\resources
2021-03-12 15:07:48,864 [Worker-22] INFO  o.e.m.c.i.embedder.EclipseLogger - Using 'UTF-8' encoding to copy filtered resources.
2021-03-12 15:07:48,865 [Worker-22] INFO  o.e.m.c.i.embedder.EclipseLogger - skip non existing resourceDirectory C:\automationSoftek\ISOTrainWeb\src\test\resources
2021-03-12 15:07:53,612 [Worker-18] INFO  o.e.m.c.i.embedder.EclipseLogger - Using 'UTF-8' encoding to copy filtered resources.
2021-03-12 15:07:53,613 [Worker-18] INFO  o.e.m.c.i.embedder.EclipseLogger - skip non existing resourceDirectory C:\automationSoftek\ISOTrainWeb\src\main\resources
2021-03-12 15:07:53,614 [Worker-18] INFO  o.e.m.c.i.embedder.EclipseLogger - Using 'UTF-8' encoding to copy filtered resources.
2021-03-12 15:07:53,614 [Worker-18] INFO  o.e.m.c.i.embedder.EclipseLogger - skip non existing resourceDirectory C:\automationSoftek\ISOTrainWeb\src\test\resources
2021-03-12 15:08:29,088 [Worker-23] INFO  o.e.m.c.i.p.ProjectConfigurationManager - Update started
2021-03-12 15:08:29,506 [Worker-23] INFO  o.e.m.c.i.l.LifecycleMappingFactory - Using org.eclipse.m2e.jdt.JarLifecycleMapping lifecycle mapping for MavenProject: com.softekISOTrainWeb:ISOTrainWeb:0.0.1-SNAPSHOT @ C:\automationSoftek\ISOTrainWeb\pom.xml.
2021-03-12 15:08:29,644 [Worker-23] INFO  o.e.m.j.i.AbstractJavaProjectConfigurator - Adding source folder /ISOTrainWeb/src/main/java
2021-03-12 15:08:29,645 [Worker-23] INFO  o.e.m.j.i.AbstractJavaProjectConfigurator - Adding source folder /ISOTrainWeb/src/test/java
2021-03-12 15:08:29,795 [Worker-23] INFO  o.e.m.c.i.p.ProjectConfigurationManager - Update completed: 0 sec
2021-03-12 15:08:29,972 [Worker-22] INFO  o.e.m.c.i.embedder.EclipseLogger - Using 'UTF-8' encoding to copy filtered resources.
2021-03-12 15:08:29,972 [Worker-22] INFO  o.e.m.c.i.embedder.EclipseLogger - skip non existing resourceDirectory C:\automationSoftek\ISOTrainWeb\src\main\resources
2021-03-12 15:08:29,974 [Worker-22] INFO  o.e.m.c.i.embedder.EclipseLogger - Using 'UTF-8' encoding to copy filtered resources.
2021-03-12 15:08:29,974 [Worker-22] INFO  o.e.m.c.i.embedder.EclipseLogger - skip non existing resourceDirectory C:\automationSoftek\ISOTrainWeb\src\test\resources
2021-03-12 15:12:09,452 [Worker-18] INFO  o.e.m.c.i.embedder.EclipseLogger - Using 'UTF-8' encoding to copy filtered resources.
2021-03-12 15:12:09,452 [Worker-18] INFO  o.e.m.c.i.embedder.EclipseLogger - skip non existing resourceDirectory C:\automationSoftek\ISOTrainWeb\src\main\resources
2021-03-12 15:12:09,453 [Worker-18] INFO  o.e.m.c.i.embedder.EclipseLogger - Using 'UTF-8' encoding to copy filtered resources.
2021-03-12 15:12:09,453 [Worker-18] INFO  o.e.m.c.i.embedder.EclipseLogger - skip non existing resourceDirectory C:\automationSoftek\ISOTrainWeb\src\test\resources
2021-03-12 15:13:24,041 [Worker-25] INFO  o.e.m.i.launch.MavenLaunchDelegate - C:\automationSoftek\ISOTrainWeb
2021-03-12 15:13:24,046 [Worker-25] INFO  o.e.m.i.launch.MavenLaunchDelegate -  mvn -B install
2021-03-12 15:13:26,703 [Worker-18] INFO  o.e.m.c.i.embedder.EclipseLogger - Using 'UTF-8' encoding to copy filtered resources.
2021-03-12 15:13:26,704 [Worker-18] INFO  o.e.m.c.i.embedder.EclipseLogger - skip non existing resourceDirectory C:\automationSoftek\ISOTrainWeb\src\main\resources
2021-03-12 15:13:26,704 [Worker-18] INFO  o.e.m.c.i.embedder.EclipseLogger - Using 'UTF-8' encoding to copy filtered resources.
2021-03-12 15:13:26,705 [Worker-18] INFO  o.e.m.c.i.embedder.EclipseLogger - skip non existing resourceDirectory C:\automationSoftek\ISOTrainWeb\src\test\resources
2021-03-12 15:14:46,703 [Worker-21] INFO  o.e.m.c.i.embedder.EclipseLogger - Using 'UTF-8' encoding to copy filtered resources.
2021-03-12 15:14:46,704 [Worker-21] INFO  o.e.m.c.i.embedder.EclipseLogger - skip non existing resourceDirectory C:\automationSoftek\ISOTrainWeb\src\main\resources
2021-03-12 15:14:46,705 [Worker-21] INFO  o.e.m.c.i.embedder.EclipseLogger - Using 'UTF-8' encoding to copy filtered resources.
2021-03-12 15:14:46,705 [Worker-21] INFO  o.e.m.c.i.embedder.EclipseLogger - skip non existing resourceDirectory C:\automationSoftek\ISOTrainWeb\src\test\resources
2021-03-12 15:15:37,072 [Worker-18] INFO  o.e.m.c.i.p.ProjectConfigurationManager - Update started
2021-03-12 15:15:37,480 [Worker-18] INFO  o.e.m.c.i.l.LifecycleMappingFactory - Using org.eclipse.m2e.jdt.JarLifecycleMapping lifecycle mapping for MavenProject: com.softekISOTrainWeb:ISOTrainWeb:0.0.1-SNAPSHOT @ C:\automationSoftek\ISOTrainWeb\pom.xml.
2021-03-12 15:15:37,613 [Worker-18] INFO  o.e.m.j.i.AbstractJavaProjectConfigurator - Adding source folder /ISOTrainWeb/src/main/java
2021-03-12 15:15:37,614 [Worker-18] INFO  o.e.m.j.i.AbstractJavaProjectConfigurator - Adding source folder /ISOTrainWeb/src/test/java
2021-03-12 15:15:37,709 [Worker-18] INFO  o.e.m.c.i.p.ProjectConfigurationManager - Update completed: 0 sec
2021-03-12 15:15:37,932 [Worker-27] INFO  o.e.m.c.i.embedder.EclipseLogger - Using 'UTF-8' encoding to copy filtered resources.
2021-03-12 15:15:37,933 [Worker-27] INFO  o.e.m.c.i.embedder.EclipseLogger - skip non existing resourceDirectory C:\automationSoftek\ISOTrainWeb\src\main\resources
2021-03-12 15:15:37,935 [Worker-27] INFO  o.e.m.c.i.embedder.EclipseLogger - Using 'UTF-8' encoding to copy filtered resources.
2021-03-12 15:15:37,935 [Worker-27] INFO  o.e.m.c.i.embedder.EclipseLogger - skip non existing resourceDirectory C:\automationSoftek\ISOTrainWeb\src\test\resources
2021-03-12 15:15:49,278 [Worker-18] INFO  o.e.m.i.launch.MavenLaunchDelegate - C:\automationSoftek\ISOTrainWeb
2021-03-12 15:15:49,278 [Worker-18] INFO  o.e.m.i.launch.MavenLaunchDelegate -  mvn -B install
2021-03-12 15:15:56,604 [Worker-27] INFO  o.e.m.c.i.embedder.EclipseLogger - Using 'UTF-8' encoding to copy filtered resources.
2021-03-12 15:15:56,604 [Worker-27] INFO  o.e.m.c.i.embedder.EclipseLogger - skip non existing resourceDirectory C:\automationSoftek\ISOTrainWeb\src\main\resources
2021-03-12 15:15:56,605 [Worker-27] INFO  o.e.m.c.i.embedder.EclipseLogger - Using 'UTF-8' encoding to copy filtered resources.
2021-03-12 15:15:56,605 [Worker-27] INFO  o.e.m.c.i.embedder.EclipseLogger - skip non existing resourceDirectory C:\automationSoftek\ISOTrainWeb\src\test\resources
2021-03-12 15:49:44,738 [Worker-0] INFO  c.g.t.t.d.PublishedGradleVersions - Gradle version information cache is up-to-date. Trying to read.
2021-03-12 15:57:43,655 [Worker-3] INFO  c.g.t.t.d.PublishedGradleVersions - Gradle version information cache is up-to-date. Trying to read.
2021-03-12 15:59:19,489 [Worker-13] INFO  o.e.m.c.i.embedder.EclipseLogger - Using 'UTF-8' encoding to copy filtered resources.
2021-03-12 15:59:19,491 [Worker-13] INFO  o.e.m.c.i.embedder.EclipseLogger - skip non existing resourceDirectory C:\automationSoftek\ISOTrainWeb\src\main\resources
2021-03-12 15:59:19,493 [Worker-13] INFO  o.e.m.c.i.embedder.EclipseLogger - Using 'UTF-8' encoding to copy filtered resources.
2021-03-12 15:59:19,494 [Worker-13] INFO  o.e.m.c.i.embedder.EclipseLogger - skip non existing resourceDirectory C:\automationSoftek\ISOTrainWeb\src\test\resources
2021-03-12 16:00:09,944 [Worker-4] INFO  o.e.m.c.i.embedder.EclipseLogger - Using 'UTF-8' encoding to copy filtered resources.
2021-03-12 16:00:09,944 [Worker-4] INFO  o.e.m.c.i.embedder.EclipseLogger - skip non existing resourceDirectory C:\automationSoftek\ISOTrainWeb\src\main\resources
2021-03-12 16:00:09,945 [Worker-4] INFO  o.e.m.c.i.embedder.EclipseLogger - Using 'UTF-8' encoding to copy filtered resources.
2021-03-12 16:00:09,945 [Worker-4] INFO  o.e.m.c.i.embedder.EclipseLogger - skip non existing resourceDirectory C:\automationSoftek\ISOTrainWeb\src\test\resources
2021-03-12 16:00:25,022 [Worker-4] INFO  o.e.m.c.i.embedder.EclipseLogger - Using 'UTF-8' encoding to copy filtered resources.
2021-03-12 16:00:25,022 [Worker-4] INFO  o.e.m.c.i.embedder.EclipseLogger - skip non existing resourceDirectory C:\automationSoftek\ISOTrainWeb\src\main\resources
2021-03-12 16:00:25,023 [Worker-4] INFO  o.e.m.c.i.embedder.EclipseLogger - Using 'UTF-8' encoding to copy filtered resources.
2021-03-12 16:00:25,023 [Worker-4] INFO  o.e.m.c.i.embedder.EclipseLogger - skip non existing resourceDirectory C:\automationSoftek\ISOTrainWeb\src\test\resources
2021-03-12 16:01:46,171 [Worker-4] INFO  o.e.m.c.i.embedder.EclipseLogger - Using 'UTF-8' encoding to copy filtered resources.
2021-03-12 16:01:46,171 [Worker-4] INFO  o.e.m.c.i.embedder.EclipseLogger - skip non existing resourceDirectory C:\automationSoftek\ISOTrainWeb\src\main\resources
2021-03-12 16:01:46,173 [Worker-4] INFO  o.e.m.c.i.embedder.EclipseLogger - Using 'UTF-8' encoding to copy filtered resources.
2021-03-12 16:01:46,175 [Worker-4] INFO  o.e.m.c.i.embedder.EclipseLogger - skip non existing resourceDirectory C:\automationSoftek\ISOTrainWeb\src\test\resources
2021-03-12 16:02:15,955 [Worker-10] INFO  o.e.m.c.i.embedder.EclipseLogger - Using 'UTF-8' encoding to copy filtered resources.
2021-03-12 16:02:15,955 [Worker-10] INFO  o.e.m.c.i.embedder.EclipseLogger - skip non existing resourceDirectory C:\automationSoftek\ISOTrainWeb\src\main\resources
2021-03-12 16:02:15,956 [Worker-10] INFO  o.e.m.c.i.embedder.EclipseLogger - Using 'UTF-8' encoding to copy filtered resources.
2021-03-12 16:02:15,957 [Worker-10] INFO  o.e.m.c.i.embedder.EclipseLogger - skip non existing resourceDirectory C:\automationSoftek\ISOTrainWeb\src\test\resources
2021-03-12 16:27:38,905 [Worker-15] INFO  o.e.m.c.i.embedder.EclipseLogger - Using 'UTF-8' encoding to copy filtered resources.
2021-03-12 16:27:38,906 [Worker-15] INFO  o.e.m.c.i.embedder.EclipseLogger - skip non existing resourceDirectory C:\automationSoftek\ISOTrainWeb\src\main\resources
2021-03-12 16:27:38,907 [Worker-15] INFO  o.e.m.c.i.embedder.EclipseLogger - Using 'UTF-8' encoding to copy filtered resources.
2021-03-12 16:27:38,908 [Worker-15] INFO  o.e.m.c.i.embedder.EclipseLogger - skip non existing resourceDirectory C:\automationSoftek\ISOTrainWeb\src\test\resources
2021-03-12 16:28:38,597 [Worker-22] INFO  o.e.m.c.i.embedder.EclipseLogger - Using 'UTF-8' encoding to copy filtered resources.
2021-03-12 16:28:38,597 [Worker-22] INFO  o.e.m.c.i.embedder.EclipseLogger - skip non existing resourceDirectory C:\automationSoftek\ISOTrainWeb\src\main\resources
2021-03-12 16:28:38,598 [Worker-22] INFO  o.e.m.c.i.embedder.EclipseLogger - Using 'UTF-8' encoding to copy filtered resources.
2021-03-12 16:28:38,599 [Worker-22] INFO  o.e.m.c.i.embedder.EclipseLogger - skip non existing resourceDirectory C:\automationSoftek\ISOTrainWeb\src\test\resources
2021-03-12 16:28:52,758 [Worker-15] INFO  o.e.m.c.i.embedder.EclipseLogger - Using 'UTF-8' encoding to copy filtered resources.
2021-03-12 16:28:52,759 [Worker-15] INFO  o.e.m.c.i.embedder.EclipseLogger - skip non existing resourceDirectory C:\automationSoftek\ISOTrainWeb\src\main\resources
2021-03-12 16:28:52,760 [Worker-15] INFO  o.e.m.c.i.embedder.EclipseLogger - Using 'UTF-8' encoding to copy filtered resources.
2021-03-12 16:28:52,760 [Worker-15] INFO  o.e.m.c.i.embedder.EclipseLogger - skip non existing resourceDirectory C:\automationSoftek\ISOTrainWeb\src\test\resources
2021-03-12 16:43:35,271 [Worker-25] INFO  o.e.m.c.i.l.LifecycleMappingFactory - Using org.eclipse.m2e.jdt.JarLifecycleMapping lifecycle mapping for MavenProject: com.softekISOTrainWeb:ISOTrainWeb:0.0.1-SNAPSHOT @ C:\automationSoftek\ISOTrainWeb\pom.xml.
2021-03-12 16:43:36,399 [Worker-25] INFO  o.e.m.c.i.e.AbstractTransferListenerAdapter - Downloading https://repo.maven.apache.org/maven2/org/seleniumhq/selenium/selenium-java/3.11.0/selenium-java-3.11.0.pom
2021-03-12 16:43:36,759 [Worker-25] INFO  o.e.m.c.i.e.AbstractTransferListenerAdapter - Downloaded https://repo.maven.apache.org/maven2/org/seleniumhq/selenium/selenium-java/3.11.0/selenium-java-3.11.0.pom
2021-03-12 16:43:36,926 [Worker-25] INFO  o.e.m.c.i.e.AbstractTransferListenerAdapter - Downloading https://repo.maven.apache.org/maven2/org/seleniumhq/selenium/selenium-api/3.11.0/selenium-api-3.11.0.pom
2021-03-12 16:43:37,097 [Worker-25] INFO  o.e.m.c.i.e.AbstractTransferListenerAdapter - Downloaded https://repo.maven.apache.org/maven2/org/seleniumhq/selenium/selenium-api/3.11.0/selenium-api-3.11.0.pom
2021-03-12 16:43:37,265 [Worker-25] INFO  o.e.m.c.i.e.AbstractTransferListenerAdapter - Downloading https://repo.maven.apache.org/maven2/org/seleniumhq/selenium/selenium-chrome-driver/3.11.0/selenium-chrome-driver-3.11.0.pom
2021-03-12 16:43:37,449 [Worker-25] INFO  o.e.m.c.i.e.AbstractTransferListenerAdapter - Downloaded https://repo.maven.apache.org/maven2/org/seleniumhq/selenium/selenium-chrome-driver/3.11.0/selenium-chrome-driver-3.11.0.pom
2021-03-12 16:43:37,616 [Worker-25] INFO  o.e.m.c.i.e.AbstractTransferListenerAdapter - Downloading https://repo.maven.apache.org/maven2/org/seleniumhq/selenium/selenium-remote-driver/3.11.0/selenium-remote-driver-3.11.0.pom
2021-03-12 16:43:37,778 [Worker-25] INFO  o.e.m.c.i.e.AbstractTransferListenerAdapter - Downloaded https://repo.maven.apache.org/maven2/org/seleniumhq/selenium/selenium-remote-driver/3.11.0/selenium-remote-driver-3.11.0.pom
2021-03-12 16:43:37,946 [Worker-25] INFO  o.e.m.c.i.e.AbstractTransferListenerAdapter - Downloading https://repo.maven.apache.org/maven2/net/bytebuddy/byte-buddy/1.7.9/byte-buddy-1.7.9.pom
2021-03-12 16:43:38,217 [Worker-25] INFO  o.e.m.c.i.e.AbstractTransferListenerAdapter - Downloaded https://repo.maven.apache.org/maven2/net/bytebuddy/byte-buddy/1.7.9/byte-buddy-1.7.9.pom
2021-03-12 16:43:38,435 [Worker-25] INFO  o.e.m.c.i.e.AbstractTransferListenerAdapter - Downloading https://repo.maven.apache.org/maven2/net/bytebuddy/byte-buddy-parent/1.7.9/byte-buddy-parent-1.7.9.pom
2021-03-12 16:43:38,639 [Worker-25] INFO  o.e.m.c.i.e.AbstractTransferListenerAdapter - Downloaded https://repo.maven.apache.org/maven2/net/bytebuddy/byte-buddy-parent/1.7.9/byte-buddy-parent-1.7.9.pom
2021-03-12 16:43:38,848 [Worker-25] INFO  o.e.m.c.i.e.AbstractTransferListenerAdapter - Downloading https://repo.maven.apache.org/maven2/com/google/guava/guava/23.6-jre/guava-23.6-jre.pom
2021-03-12 16:43:39,016 [Worker-25] INFO  o.e.m.c.i.e.AbstractTransferListenerAdapter - Downloaded https://repo.maven.apache.org/maven2/com/google/guava/guava/23.6-jre/guava-23.6-jre.pom
2021-03-12 16:43:39,186 [Worker-25] INFO  o.e.m.c.i.e.AbstractTransferListenerAdapter - Downloading https://repo.maven.apache.org/maven2/com/google/guava/guava-parent/23.6-jre/guava-parent-23.6-jre.pom
2021-03-12 16:43:39,354 [Worker-25] INFO  o.e.m.c.i.e.AbstractTransferListenerAdapter - Downloaded https://repo.maven.apache.org/maven2/com/google/guava/guava-parent/23.6-jre/guava-parent-23.6-jre.pom
2021-03-12 16:43:39,577 [Worker-25] INFO  o.e.m.c.i.e.AbstractTransferListenerAdapter - Downloading https://repo.maven.apache.org/maven2/com/squareup/okhttp3/okhttp/3.9.1/okhttp-3.9.1.pom
2021-03-12 16:43:39,738 [Worker-25] INFO  o.e.m.c.i.e.AbstractTransferListenerAdapter - Downloaded https://repo.maven.apache.org/maven2/com/squareup/okhttp3/okhttp/3.9.1/okhttp-3.9.1.pom
2021-03-12 16:43:39,910 [Worker-25] INFO  o.e.m.c.i.e.AbstractTransferListenerAdapter - Downloading https://repo.maven.apache.org/maven2/com/squareup/okhttp3/parent/3.9.1/parent-3.9.1.pom
2021-03-12 16:43:40,089 [Worker-25] INFO  o.e.m.c.i.e.AbstractTransferListenerAdapter - Downloaded https://repo.maven.apache.org/maven2/com/squareup/okhttp3/parent/3.9.1/parent-3.9.1.pom
2021-03-12 16:43:40,256 [Worker-25] INFO  o.e.m.c.i.e.AbstractTransferListenerAdapter - Downloading https://repo.maven.apache.org/maven2/com/squareup/okio/okio/1.13.0/okio-1.13.0.pom
2021-03-12 16:43:40,416 [Worker-25] INFO  o.e.m.c.i.e.AbstractTransferListenerAdapter - Downloaded https://repo.maven.apache.org/maven2/com/squareup/okio/okio/1.13.0/okio-1.13.0.pom
2021-03-12 16:43:40,582 [Worker-25] INFO  o.e.m.c.i.e.AbstractTransferListenerAdapter - Downloading https://repo.maven.apache.org/maven2/com/squareup/okio/okio-parent/1.13.0/okio-parent-1.13.0.pom
2021-03-12 16:43:40,742 [Worker-25] INFO  o.e.m.c.i.e.AbstractTransferListenerAdapter - Downloaded https://repo.maven.apache.org/maven2/com/squareup/okio/okio-parent/1.13.0/okio-parent-1.13.0.pom
2021-03-12 16:43:40,910 [Worker-25] INFO  o.e.m.c.i.e.AbstractTransferListenerAdapter - Downloading https://repo.maven.apache.org/maven2/org/seleniumhq/selenium/selenium-edge-driver/3.11.0/selenium-edge-driver-3.11.0.pom
2021-03-12 16:43:41,071 [Worker-25] INFO  o.e.m.c.i.e.AbstractTransferListenerAdapter - Downloaded https://repo.maven.apache.org/maven2/org/seleniumhq/selenium/selenium-edge-driver/3.11.0/selenium-edge-driver-3.11.0.pom
2021-03-12 16:43:41,241 [Worker-25] INFO  o.e.m.c.i.e.AbstractTransferListenerAdapter - Downloading https://repo.maven.apache.org/maven2/org/seleniumhq/selenium/selenium-firefox-driver/3.11.0/selenium-firefox-driver-3.11.0.pom
2021-03-12 16:43:41,498 [Worker-25] INFO  o.e.m.c.i.e.AbstractTransferListenerAdapter - Downloaded https://repo.maven.apache.org/maven2/org/seleniumhq/selenium/selenium-firefox-driver/3.11.0/selenium-firefox-driver-3.11.0.pom
2021-03-12 16:43:41,665 [Worker-25] INFO  o.e.m.c.i.e.AbstractTransferListenerAdapter - Downloading https://repo.maven.apache.org/maven2/org/seleniumhq/selenium/selenium-ie-driver/3.11.0/selenium-ie-driver-3.11.0.pom
2021-03-12 16:43:41,829 [Worker-25] INFO  o.e.m.c.i.e.AbstractTransferListenerAdapter - Downloaded https://repo.maven.apache.org/maven2/org/seleniumhq/selenium/selenium-ie-driver/3.11.0/selenium-ie-driver-3.11.0.pom
2021-03-12 16:43:42,002 [Worker-25] INFO  o.e.m.c.i.e.AbstractTransferListenerAdapter - Downloading https://repo.maven.apache.org/maven2/org/seleniumhq/selenium/selenium-opera-driver/3.11.0/selenium-opera-driver-3.11.0.pom
2021-03-12 16:43:42,166 [Worker-25] INFO  o.e.m.c.i.e.AbstractTransferListenerAdapter - Downloaded https://repo.maven.apache.org/maven2/org/seleniumhq/selenium/selenium-opera-driver/3.11.0/selenium-opera-driver-3.11.0.pom
2021-03-12 16:43:42,335 [Worker-25] INFO  o.e.m.c.i.e.AbstractTransferListenerAdapter - Downloading https://repo.maven.apache.org/maven2/org/seleniumhq/selenium/selenium-safari-driver/3.11.0/selenium-safari-driver-3.11.0.pom
2021-03-12 16:43:42,495 [Worker-25] INFO  o.e.m.c.i.e.AbstractTransferListenerAdapter - Downloaded https://repo.maven.apache.org/maven2/org/seleniumhq/selenium/selenium-safari-driver/3.11.0/selenium-safari-driver-3.11.0.pom
2021-03-12 16:43:42,662 [Worker-25] INFO  o.e.m.c.i.e.AbstractTransferListenerAdapter - Downloading https://repo.maven.apache.org/maven2/org/seleniumhq/selenium/selenium-support/3.11.0/selenium-support-3.11.0.pom
2021-03-12 16:43:42,822 [Worker-25] INFO  o.e.m.c.i.e.AbstractTransferListenerAdapter - Downloaded https://repo.maven.apache.org/maven2/org/seleniumhq/selenium/selenium-support/3.11.0/selenium-support-3.11.0.pom
2021-03-12 16:43:43,401 [Worker-25] INFO  o.e.m.c.i.e.AbstractTransferListenerAdapter - Downloading https://repo.maven.apache.org/maven2/org/codehaus/plexus/plexus-java/0.9.2/plexus-java-0.9.2.pom
2021-03-12 16:43:43,571 [Worker-25] INFO  o.e.m.c.i.e.AbstractTransferListenerAdapter - Downloaded https://repo.maven.apache.org/maven2/org/codehaus/plexus/plexus-java/0.9.2/plexus-java-0.9.2.pom
2021-03-12 16:43:43,741 [Worker-25] INFO  o.e.m.c.i.e.AbstractTransferListenerAdapter - Downloading https://repo.maven.apache.org/maven2/org/codehaus/plexus/plexus-languages/0.9.2/plexus-languages-0.9.2.pom
2021-03-12 16:43:43,907 [Worker-25] INFO  o.e.m.c.i.e.AbstractTransferListenerAdapter - Downloaded https://repo.maven.apache.org/maven2/org/codehaus/plexus/plexus-languages/0.9.2/plexus-languages-0.9.2.pom
2021-03-12 16:43:44,081 [Worker-25] INFO  o.e.m.c.i.e.AbstractTransferListenerAdapter - Downloading https://repo.maven.apache.org/maven2/org/ow2/asm/asm/6.0_BETA/asm-6.0_BETA.pom
2021-03-12 16:43:44,244 [Worker-25] INFO  o.e.m.c.i.e.AbstractTransferListenerAdapter - Downloaded https://repo.maven.apache.org/maven2/org/ow2/asm/asm/6.0_BETA/asm-6.0_BETA.pom
2021-03-12 16:43:44,416 [Worker-25] INFO  o.e.m.c.i.e.AbstractTransferListenerAdapter - Downloading https://repo.maven.apache.org/maven2/org/ow2/asm/asm-parent/6.0_BETA/asm-parent-6.0_BETA.pom
2021-03-12 16:43:44,577 [Worker-25] INFO  o.e.m.c.i.e.AbstractTransferListenerAdapter - Downloaded https://repo.maven.apache.org/maven2/org/ow2/asm/asm-parent/6.0_BETA/asm-parent-6.0_BETA.pom
2021-03-12 16:43:44,747 [Worker-25] INFO  o.e.m.c.i.e.AbstractTransferListenerAdapter - Downloading https://repo.maven.apache.org/maven2/com/thoughtworks/qdox/qdox/2.0-M7/qdox-2.0-M7.pom
2021-03-12 16:43:44,922 [Worker-25] INFO  o.e.m.c.i.e.AbstractTransferListenerAdapter - Downloaded https://repo.maven.apache.org/maven2/com/thoughtworks/qdox/qdox/2.0-M7/qdox-2.0-M7.pom
2021-03-12 16:43:45,098 [Worker-25] INFO  o.e.m.c.i.e.AbstractTransferListenerAdapter - Downloading https://repo.maven.apache.org/maven2/org/codehaus/plexus/plexus-compiler-api/2.8.2/plexus-compiler-api-2.8.2.pom
2021-03-12 16:43:45,259 [Worker-25] INFO  o.e.m.c.i.e.AbstractTransferListenerAdapter - Downloaded https://repo.maven.apache.org/maven2/org/codehaus/plexus/plexus-compiler-api/2.8.2/plexus-compiler-api-2.8.2.pom
2021-03-12 16:43:45,424 [Worker-25] INFO  o.e.m.c.i.e.AbstractTransferListenerAdapter - Downloading https://repo.maven.apache.org/maven2/org/codehaus/plexus/plexus-compiler/2.8.2/plexus-compiler-2.8.2.pom
2021-03-12 16:43:45,587 [Worker-25] INFO  o.e.m.c.i.e.AbstractTransferListenerAdapter - Downloaded https://repo.maven.apache.org/maven2/org/codehaus/plexus/plexus-compiler/2.8.2/plexus-compiler-2.8.2.pom
2021-03-12 16:43:45,762 [Worker-25] INFO  o.e.m.c.i.e.AbstractTransferListenerAdapter - Downloading https://repo.maven.apache.org/maven2/org/codehaus/plexus/plexus-compiler-manager/2.8.2/plexus-compiler-manager-2.8.2.pom
2021-03-12 16:43:45,924 [Worker-25] INFO  o.e.m.c.i.e.AbstractTransferListenerAdapter - Downloaded https://repo.maven.apache.org/maven2/org/codehaus/plexus/plexus-compiler-manager/2.8.2/plexus-compiler-manager-2.8.2.pom
2021-03-12 16:43:46,097 [Worker-25] INFO  o.e.m.c.i.e.AbstractTransferListenerAdapter - Downloading https://repo.maven.apache.org/maven2/org/codehaus/plexus/plexus-compiler-javac/2.8.2/plexus-compiler-javac-2.8.2.pom
2021-03-12 16:43:46,259 [Worker-25] INFO  o.e.m.c.i.e.AbstractTransferListenerAdapter - Downloaded https://repo.maven.apache.org/maven2/org/codehaus/plexus/plexus-compiler-javac/2.8.2/plexus-compiler-javac-2.8.2.pom
2021-03-12 16:43:46,425 [Worker-25] INFO  o.e.m.c.i.e.AbstractTransferListenerAdapter - Downloading https://repo.maven.apache.org/maven2/org/codehaus/plexus/plexus-compilers/2.8.2/plexus-compilers-2.8.2.pom
2021-03-12 16:43:46,586 [Worker-25] INFO  o.e.m.c.i.e.AbstractTransferListenerAdapter - Downloaded https://repo.maven.apache.org/maven2/org/codehaus/plexus/plexus-compilers/2.8.2/plexus-compilers-2.8.2.pom
2021-03-12 16:43:46,759 [Worker-25] INFO  o.e.m.c.i.e.AbstractTransferListenerAdapter - Downloading https://repo.maven.apache.org/maven2/org/apache/maven/plugins/maven-surefire-plugin/2.22.0/maven-surefire-plugin-2.22.0.pom
2021-03-12 16:43:46,919 [Worker-25] INFO  o.e.m.c.i.e.AbstractTransferListenerAdapter - Downloaded https://repo.maven.apache.org/maven2/org/apache/maven/plugins/maven-surefire-plugin/2.22.0/maven-surefire-plugin-2.22.0.pom
2021-03-12 16:43:47,093 [Worker-25] INFO  o.e.m.c.i.e.AbstractTransferListenerAdapter - Downloading https://repo.maven.apache.org/maven2/org/apache/maven/surefire/surefire/2.22.0/surefire-2.22.0.pom
2021-03-12 16:43:47,302 [Worker-25] INFO  o.e.m.c.i.e.AbstractTransferListenerAdapter - Downloaded https://repo.maven.apache.org/maven2/org/apache/maven/surefire/surefire/2.22.0/surefire-2.22.0.pom
2021-03-12 16:43:47,484 [Worker-25] INFO  o.e.m.c.i.e.AbstractTransferListenerAdapter - Downloading https://repo.maven.apache.org/maven2/org/apache/maven/surefire/maven-surefire-common/2.22.0/maven-surefire-common-2.22.0.pom
2021-03-12 16:43:47,653 [Worker-25] INFO  o.e.m.c.i.e.AbstractTransferListenerAdapter - Downloaded https://repo.maven.apache.org/maven2/org/apache/maven/surefire/maven-surefire-common/2.22.0/maven-surefire-common-2.22.0.pom
2021-03-12 16:43:47,855 [Worker-25] INFO  o.e.m.c.i.e.AbstractTransferListenerAdapter - Downloading https://repo.maven.apache.org/maven2/org/apache/maven/plugin-tools/maven-plugin-annotations/3.5/maven-plugin-annotations-3.5.pom
2021-03-12 16:43:48,023 [Worker-25] INFO  o.e.m.c.i.e.AbstractTransferListenerAdapter - Downloaded https://repo.maven.apache.org/maven2/org/apache/maven/plugin-tools/maven-plugin-annotations/3.5/maven-plugin-annotations-3.5.pom
2021-03-12 16:43:48,198 [Worker-25] INFO  o.e.m.c.i.e.AbstractTransferListenerAdapter - Downloading https://repo.maven.apache.org/maven2/org/apache/maven/plugin-tools/maven-plugin-tools/3.5/maven-plugin-tools-3.5.pom
2021-03-12 16:43:48,382 [Worker-25] INFO  o.e.m.c.i.e.AbstractTransferListenerAdapter - Downloaded https://repo.maven.apache.org/maven2/org/apache/maven/plugin-tools/maven-plugin-tools/3.5/maven-plugin-tools-3.5.pom
2021-03-12 16:43:48,555 [Worker-25] INFO  o.e.m.c.i.e.AbstractTransferListenerAdapter - Downloading https://repo.maven.apache.org/maven2/org/apache/maven/surefire/surefire-api/2.22.0/surefire-api-2.22.0.pom
2021-03-12 16:43:48,717 [Worker-25] INFO  o.e.m.c.i.e.AbstractTransferListenerAdapter - Downloaded https://repo.maven.apache.org/maven2/org/apache/maven/surefire/surefire-api/2.22.0/surefire-api-2.22.0.pom
2021-03-12 16:43:48,888 [Worker-25] INFO  o.e.m.c.i.e.AbstractTransferListenerAdapter - Downloading https://repo.maven.apache.org/maven2/org/apache/maven/surefire/surefire-logger-api/2.22.0/surefire-logger-api-2.22.0.pom
2021-03-12 16:43:49,058 [Worker-25] INFO  o.e.m.c.i.e.AbstractTransferListenerAdapter - Downloaded https://repo.maven.apache.org/maven2/org/apache/maven/surefire/surefire-logger-api/2.22.0/surefire-logger-api-2.22.0.pom
2021-03-12 16:43:49,232 [Worker-25] INFO  o.e.m.c.i.e.AbstractTransferListenerAdapter - Downloading https://repo.maven.apache.org/maven2/org/apache/maven/surefire/surefire-booter/2.22.0/surefire-booter-2.22.0.pom
2021-03-12 16:43:49,398 [Worker-25] INFO  o.e.m.c.i.e.AbstractTransferListenerAdapter - Downloaded https://repo.maven.apache.org/maven2/org/apache/maven/surefire/surefire-booter/2.22.0/surefire-booter-2.22.0.pom
2021-03-12 16:43:49,571 [Worker-25] INFO  o.e.m.c.i.e.AbstractTransferListenerAdapter - Downloading https://repo.maven.apache.org/maven2/org/apache/maven/reporting/maven-reporting-api/2.2.1/maven-reporting-api-2.2.1.pom
2021-03-12 16:43:49,738 [Worker-25] INFO  o.e.m.c.i.e.AbstractTransferListenerAdapter - Downloaded https://repo.maven.apache.org/maven2/org/apache/maven/reporting/maven-reporting-api/2.2.1/maven-reporting-api-2.2.1.pom
2021-03-12 16:43:49,903 [Worker-25] INFO  o.e.m.c.i.e.AbstractTransferListenerAdapter - Downloading https://repo.maven.apache.org/maven2/org/apache/maven/reporting/maven-reporting/2.2.1/maven-reporting-2.2.1.pom
2021-03-12 16:43:50,071 [Worker-25] INFO  o.e.m.c.i.e.AbstractTransferListenerAdapter - Downloaded https://repo.maven.apache.org/maven2/org/apache/maven/reporting/maven-reporting/2.2.1/maven-reporting-2.2.1.pom
2021-03-12 16:43:50,241 [Worker-25] INFO  o.e.m.c.i.e.AbstractTransferListenerAdapter - Downloading https://repo.maven.apache.org/maven2/org/apache/maven/doxia/doxia-logging-api/1.1/doxia-logging-api-1.1.pom
2021-03-12 16:43:50,406 [Worker-25] INFO  o.e.m.c.i.e.AbstractTransferListenerAdapter - Downloaded https://repo.maven.apache.org/maven2/org/apache/maven/doxia/doxia-logging-api/1.1/doxia-logging-api-1.1.pom
2021-03-12 16:43:50,577 [Worker-25] INFO  o.e.m.c.i.e.AbstractTransferListenerAdapter - Downloading https://repo.maven.apache.org/maven2/org/apache/maven/doxia/doxia/1.1/doxia-1.1.pom
2021-03-12 16:43:50,751 [Worker-25] INFO  o.e.m.c.i.e.AbstractTransferListenerAdapter - Downloaded https://repo.maven.apache.org/maven2/org/apache/maven/doxia/doxia/1.1/doxia-1.1.pom
2021-03-12 16:43:50,932 [Worker-25] INFO  o.e.m.c.i.e.AbstractTransferListenerAdapter - Downloading https://repo.maven.apache.org/maven2/org/apache/maven/maven-toolchain/2.2.1/maven-toolchain-2.2.1.pom
2021-03-12 16:43:51,095 [Worker-25] INFO  o.e.m.c.i.e.AbstractTransferListenerAdapter - Downloaded https://repo.maven.apache.org/maven2/org/apache/maven/maven-toolchain/2.2.1/maven-toolchain-2.2.1.pom
2021-03-12 16:43:51,328 [Worker-25] INFO  o.e.m.c.i.e.AbstractTransferListenerAdapter - Downloading https://repo.maven.apache.org/maven2/org/apache/maven/wagon/wagon-file/1.0-beta-6/wagon-file-1.0-beta-6.pom
2021-03-12 16:43:51,489 [Worker-25] INFO  o.e.m.c.i.e.AbstractTransferListenerAdapter - Downloaded https://repo.maven.apache.org/maven2/org/apache/maven/wagon/wagon-file/1.0-beta-6/wagon-file-1.0-beta-6.pom
2021-03-12 16:43:51,656 [Worker-25] INFO  o.e.m.c.i.e.AbstractTransferListenerAdapter - Downloading https://repo.maven.apache.org/maven2/org/apache/maven/wagon/wagon-http-lightweight/1.0-beta-6/wagon-http-lightweight-1.0-beta-6.pom
2021-03-12 16:43:51,816 [Worker-25] INFO  o.e.m.c.i.e.AbstractTransferListenerAdapter - Downloaded https://repo.maven.apache.org/maven2/org/apache/maven/wagon/wagon-http-lightweight/1.0-beta-6/wagon-http-lightweight-1.0-beta-6.pom
2021-03-12 16:43:51,984 [Worker-25] INFO  o.e.m.c.i.e.AbstractTransferListenerAdapter - Downloading https://repo.maven.apache.org/maven2/org/apache/maven/doxia/doxia-sink-api/1.1/doxia-sink-api-1.1.pom
2021-03-12 16:43:52,144 [Worker-25] INFO  o.e.m.c.i.e.AbstractTransferListenerAdapter - Downloaded https://repo.maven.apache.org/maven2/org/apache/maven/doxia/doxia-sink-api/1.1/doxia-sink-api-1.1.pom
2021-03-12 16:43:52,477 [Worker-25] INFO  o.e.m.c.i.e.AbstractTransferListenerAdapter - Downloading https://repo.maven.apache.org/maven2/org/apache/maven/wagon/wagon-ssh-external/1.0-beta-6/wagon-ssh-external-1.0-beta-6.pom
2021-03-12 16:43:52,640 [Worker-25] INFO  o.e.m.c.i.e.AbstractTransferListenerAdapter - Downloaded https://repo.maven.apache.org/maven2/org/apache/maven/wagon/wagon-ssh-external/1.0-beta-6/wagon-ssh-external-1.0-beta-6.pom
2021-03-12 16:43:52,809 [Worker-25] INFO  o.e.m.c.i.e.AbstractTransferListenerAdapter - Downloading https://repo.maven.apache.org/maven2/org/apache/maven/wagon/wagon-ssh-common/1.0-beta-6/wagon-ssh-common-1.0-beta-6.pom
2021-03-12 16:43:52,970 [Worker-25] INFO  o.e.m.c.i.e.AbstractTransferListenerAdapter - Downloaded https://repo.maven.apache.org/maven2/org/apache/maven/wagon/wagon-ssh-common/1.0-beta-6/wagon-ssh-common-1.0-beta-6.pom
2021-03-12 16:43:53,139 [Worker-25] INFO  o.e.m.c.i.e.AbstractTransferListenerAdapter - Downloading https://repo.maven.apache.org/maven2/org/codehaus/plexus/plexus-interactivity-api/1.0-alpha-6/plexus-interactivity-api-1.0-alpha-6.pom
2021-03-12 16:43:53,297 [Worker-25] INFO  o.e.m.c.i.e.AbstractTransferListenerAdapter - Downloaded https://repo.maven.apache.org/maven2/org/codehaus/plexus/plexus-interactivity-api/1.0-alpha-6/plexus-interactivity-api-1.0-alpha-6.pom
2021-03-12 16:43:53,466 [Worker-25] INFO  o.e.m.c.i.e.AbstractTransferListenerAdapter - Downloading https://repo.maven.apache.org/maven2/org/codehaus/plexus/plexus-interactivity/1.0-alpha-6/plexus-interactivity-1.0-alpha-6.pom
2021-03-12 16:43:53,627 [Worker-25] INFO  o.e.m.c.i.e.AbstractTransferListenerAdapter - Downloaded https://repo.maven.apache.org/maven2/org/codehaus/plexus/plexus-interactivity/1.0-alpha-6/plexus-interactivity-1.0-alpha-6.pom
2021-03-12 16:43:53,793 [Worker-25] INFO  o.e.m.c.i.e.AbstractTransferListenerAdapter - Downloading https://repo.maven.apache.org/maven2/org/codehaus/plexus/plexus-components/1.1.9/plexus-components-1.1.9.pom
2021-03-12 16:43:53,965 [Worker-25] INFO  o.e.m.c.i.e.AbstractTransferListenerAdapter - Downloaded https://repo.maven.apache.org/maven2/org/codehaus/plexus/plexus-components/1.1.9/plexus-components-1.1.9.pom
2021-03-12 16:43:54,136 [Worker-25] INFO  o.e.m.c.i.e.AbstractTransferListenerAdapter - Downloading https://repo.maven.apache.org/maven2/org/codehaus/plexus/plexus-utils/1.4/plexus-utils-1.4.pom
2021-03-12 16:43:54,296 [Worker-25] INFO  o.e.m.c.i.e.AbstractTransferListenerAdapter - Downloaded https://repo.maven.apache.org/maven2/org/codehaus/plexus/plexus-utils/1.4/plexus-utils-1.4.pom
2021-03-12 16:43:54,469 [Worker-25] INFO  o.e.m.c.i.e.AbstractTransferListenerAdapter - Downloading https://repo.maven.apache.org/maven2/org/apache/maven/wagon/wagon-ssh/1.0-beta-6/wagon-ssh-1.0-beta-6.pom
2021-03-12 16:43:54,633 [Worker-25] INFO  o.e.m.c.i.e.AbstractTransferListenerAdapter - Downloaded https://repo.maven.apache.org/maven2/org/apache/maven/wagon/wagon-ssh/1.0-beta-6/wagon-ssh-1.0-beta-6.pom
2021-03-12 16:43:54,803 [Worker-25] INFO  o.e.m.c.i.e.AbstractTransferListenerAdapter - Downloading https://repo.maven.apache.org/maven2/com/jcraft/jsch/0.1.38/jsch-0.1.38.pom
2021-03-12 16:43:54,963 [Worker-25] INFO  o.e.m.c.i.e.AbstractTransferListenerAdapter - Downloaded https://repo.maven.apache.org/maven2/com/jcraft/jsch/0.1.38/jsch-0.1.38.pom
2021-03-12 16:43:55,133 [Worker-25] INFO  o.e.m.c.i.e.AbstractTransferListenerAdapter - Downloading https://repo.maven.apache.org/maven2/org/codehaus/plexus/plexus-java/0.9.8/plexus-java-0.9.8.pom
2021-03-12 16:43:55,296 [Worker-25] INFO  o.e.m.c.i.e.AbstractTransferListenerAdapter - Downloaded https://repo.maven.apache.org/maven2/org/codehaus/plexus/plexus-java/0.9.8/plexus-java-0.9.8.pom
2021-03-12 16:43:55,465 [Worker-25] INFO  o.e.m.c.i.e.AbstractTransferListenerAdapter - Downloading https://repo.maven.apache.org/maven2/org/codehaus/plexus/plexus-languages/0.9.8/plexus-languages-0.9.8.pom
2021-03-12 16:43:55,624 [Worker-25] INFO  o.e.m.c.i.e.AbstractTransferListenerAdapter - Downloaded https://repo.maven.apache.org/maven2/org/codehaus/plexus/plexus-languages/0.9.8/plexus-languages-0.9.8.pom
2021-03-12 16:43:55,793 [Worker-25] INFO  o.e.m.c.i.e.AbstractTransferListenerAdapter - Downloading https://repo.maven.apache.org/maven2/org/ow2/asm/asm/6.1.1/asm-6.1.1.pom
2021-03-12 16:43:55,951 [Worker-25] INFO  o.e.m.c.i.e.AbstractTransferListenerAdapter - Downloaded https://repo.maven.apache.org/maven2/org/ow2/asm/asm/6.1.1/asm-6.1.1.pom
2021-03-12 16:43:56,254 [Worker-25] INFO  o.e.m.c.i.e.AbstractTransferListenerAdapter - Downloading https://repo.maven.apache.org/maven2/org/seleniumhq/selenium/selenium-java/3.11.0/selenium-java-3.11.0.jar
2021-03-12 16:43:56,455 [Worker-25] INFO  o.e.m.c.i.e.AbstractTransferListenerAdapter - Downloaded https://repo.maven.apache.org/maven2/org/seleniumhq/selenium/selenium-java/3.11.0/selenium-java-3.11.0.jar
2021-03-12 16:43:56,613 [Worker-25] INFO  o.e.m.c.i.e.AbstractTransferListenerAdapter - Downloading https://repo.maven.apache.org/maven2/org/seleniumhq/selenium/selenium-api/3.11.0/selenium-api-3.11.0.jar
2021-03-12 16:43:56,982 [Worker-25] INFO  o.e.m.c.i.e.AbstractTransferListenerAdapter - Downloaded https://repo.maven.apache.org/maven2/org/seleniumhq/selenium/selenium-api/3.11.0/selenium-api-3.11.0.jar
2021-03-12 16:43:57,142 [Worker-25] INFO  o.e.m.c.i.e.AbstractTransferListenerAdapter - Downloading https://repo.maven.apache.org/maven2/org/seleniumhq/selenium/selenium-chrome-driver/3.11.0/selenium-chrome-driver-3.11.0.jar
2021-03-12 16:43:57,302 [Worker-25] INFO  o.e.m.c.i.e.AbstractTransferListenerAdapter - Downloaded https://repo.maven.apache.org/maven2/org/seleniumhq/selenium/selenium-chrome-driver/3.11.0/selenium-chrome-driver-3.11.0.jar
2021-03-12 16:43:57,460 [Worker-25] INFO  o.e.m.c.i.e.AbstractTransferListenerAdapter - Downloading https://repo.maven.apache.org/maven2/org/seleniumhq/selenium/selenium-edge-driver/3.11.0/selenium-edge-driver-3.11.0.jar
2021-03-12 16:43:57,657 [Worker-25] INFO  o.e.m.c.i.e.AbstractTransferListenerAdapter - Downloaded https://repo.maven.apache.org/maven2/org/seleniumhq/selenium/selenium-edge-driver/3.11.0/selenium-edge-driver-3.11.0.jar
2021-03-12 16:43:57,821 [Worker-25] INFO  o.e.m.c.i.e.AbstractTransferListenerAdapter - Downloading https://repo.maven.apache.org/maven2/org/seleniumhq/selenium/selenium-firefox-driver/3.11.0/selenium-firefox-driver-3.11.0.jar
2021-03-12 16:43:59,015 [Worker-25] INFO  o.e.m.c.i.e.AbstractTransferListenerAdapter - Downloaded https://repo.maven.apache.org/maven2/org/seleniumhq/selenium/selenium-firefox-driver/3.11.0/selenium-firefox-driver-3.11.0.jar
2021-03-12 16:43:59,177 [Worker-25] INFO  o.e.m.c.i.e.AbstractTransferListenerAdapter - Downloading https://repo.maven.apache.org/maven2/org/seleniumhq/selenium/selenium-ie-driver/3.11.0/selenium-ie-driver-3.11.0.jar
2021-03-12 16:43:59,337 [Worker-25] INFO  o.e.m.c.i.e.AbstractTransferListenerAdapter - Downloaded https://repo.maven.apache.org/maven2/org/seleniumhq/selenium/selenium-ie-driver/3.11.0/selenium-ie-driver-3.11.0.jar
2021-03-12 16:43:59,493 [Worker-25] INFO  o.e.m.c.i.e.AbstractTransferListenerAdapter - Downloading https://repo.maven.apache.org/maven2/org/seleniumhq/selenium/selenium-opera-driver/3.11.0/selenium-opera-driver-3.11.0.jar
2021-03-12 16:43:59,653 [Worker-25] INFO  o.e.m.c.i.e.AbstractTransferListenerAdapter - Downloaded https://repo.maven.apache.org/maven2/org/seleniumhq/selenium/selenium-opera-driver/3.11.0/selenium-opera-driver-3.11.0.jar
2021-03-12 16:43:59,815 [Worker-25] INFO  o.e.m.c.i.e.AbstractTransferListenerAdapter - Downloading https://repo.maven.apache.org/maven2/org/seleniumhq/selenium/selenium-remote-driver/3.11.0/selenium-remote-driver-3.11.0.jar
2021-03-12 16:44:00,100 [Worker-25] INFO  o.e.m.c.i.e.AbstractTransferListenerAdapter - Downloaded https://repo.maven.apache.org/maven2/org/seleniumhq/selenium/selenium-remote-driver/3.11.0/selenium-remote-driver-3.11.0.jar
2021-03-12 16:44:00,260 [Worker-25] INFO  o.e.m.c.i.e.AbstractTransferListenerAdapter - Downloading https://repo.maven.apache.org/maven2/org/seleniumhq/selenium/selenium-safari-driver/3.11.0/selenium-safari-driver-3.11.0.jar
2021-03-12 16:44:00,422 [Worker-25] INFO  o.e.m.c.i.e.AbstractTransferListenerAdapter - Downloaded https://repo.maven.apache.org/maven2/org/seleniumhq/selenium/selenium-safari-driver/3.11.0/selenium-safari-driver-3.11.0.jar
2021-03-12 16:44:00,586 [Worker-25] INFO  o.e.m.c.i.e.AbstractTransferListenerAdapter - Downloading https://repo.maven.apache.org/maven2/org/seleniumhq/selenium/selenium-support/3.11.0/selenium-support-3.11.0.jar
2021-03-12 16:44:00,796 [Worker-25] INFO  o.e.m.c.i.e.AbstractTransferListenerAdapter - Downloaded https://repo.maven.apache.org/maven2/org/seleniumhq/selenium/selenium-support/3.11.0/selenium-support-3.11.0.jar
2021-03-12 16:44:00,962 [Worker-25] INFO  o.e.m.c.i.e.AbstractTransferListenerAdapter - Downloading https://repo.maven.apache.org/maven2/net/bytebuddy/byte-buddy/1.7.9/byte-buddy-1.7.9.jar
2021-03-12 16:44:02,253 [Worker-25] INFO  o.e.m.c.i.e.AbstractTransferListenerAdapter - Downloaded https://repo.maven.apache.org/maven2/net/bytebuddy/byte-buddy/1.7.9/byte-buddy-1.7.9.jar
2021-03-12 16:44:02,585 [Worker-25] INFO  o.e.m.c.i.e.AbstractTransferListenerAdapter - Downloading https://repo.maven.apache.org/maven2/com/google/guava/guava/23.6-jre/guava-23.6-jre.jar
2021-03-12 16:44:03,669 [Worker-25] INFO  o.e.m.c.i.e.AbstractTransferListenerAdapter - Downloaded https://repo.maven.apache.org/maven2/com/google/guava/guava/23.6-jre/guava-23.6-jre.jar
2021-03-12 16:44:03,830 [Worker-25] INFO  o.e.m.c.i.e.AbstractTransferListenerAdapter - Downloading https://repo.maven.apache.org/maven2/com/squareup/okhttp3/okhttp/3.9.1/okhttp-3.9.1.jar
2021-03-12 16:44:04,104 [Worker-25] INFO  o.e.m.c.i.e.AbstractTransferListenerAdapter - Downloaded https://repo.maven.apache.org/maven2/com/squareup/okhttp3/okhttp/3.9.1/okhttp-3.9.1.jar
2021-03-12 16:44:04,263 [Worker-25] INFO  o.e.m.c.i.e.AbstractTransferListenerAdapter - Downloading https://repo.maven.apache.org/maven2/com/squareup/okio/okio/1.13.0/okio-1.13.0.jar
2021-03-12 16:44:04,441 [Worker-25] INFO  o.e.m.c.i.e.AbstractTransferListenerAdapter - Downloaded https://repo.maven.apache.org/maven2/com/squareup/okio/okio/1.13.0/okio-1.13.0.jar
2021-03-12 16:44:04,604 [Worker-25] INFO  o.e.m.c.i.e.AbstractTransferListenerAdapter - Downloading https://repo.maven.apache.org/maven2/org/codehaus/plexus/plexus-java/0.9.2/plexus-java-0.9.2.jar
2021-03-12 16:44:04,767 [Worker-25] INFO  o.e.m.c.i.e.AbstractTransferListenerAdapter - Downloaded https://repo.maven.apache.org/maven2/org/codehaus/plexus/plexus-java/0.9.2/plexus-java-0.9.2.jar
2021-03-12 16:44:04,925 [Worker-25] INFO  o.e.m.c.i.e.AbstractTransferListenerAdapter - Downloading https://repo.maven.apache.org/maven2/org/ow2/asm/asm/6.0_BETA/asm-6.0_BETA.jar
2021-03-12 16:44:05,096 [Worker-25] INFO  o.e.m.c.i.e.AbstractTransferListenerAdapter - Downloaded https://repo.maven.apache.org/maven2/org/ow2/asm/asm/6.0_BETA/asm-6.0_BETA.jar
2021-03-12 16:44:05,256 [Worker-25] INFO  o.e.m.c.i.e.AbstractTransferListenerAdapter - Downloading https://repo.maven.apache.org/maven2/com/thoughtworks/qdox/qdox/2.0-M7/qdox-2.0-M7.jar
2021-03-12 16:44:05,500 [Worker-25] INFO  o.e.m.c.i.e.AbstractTransferListenerAdapter - Downloaded https://repo.maven.apache.org/maven2/com/thoughtworks/qdox/qdox/2.0-M7/qdox-2.0-M7.jar
2021-03-12 16:44:05,660 [Worker-25] INFO  o.e.m.c.i.e.AbstractTransferListenerAdapter - Downloading https://repo.maven.apache.org/maven2/org/codehaus/plexus/plexus-compiler-api/2.8.2/plexus-compiler-api-2.8.2.jar
2021-03-12 16:44:05,824 [Worker-25] INFO  o.e.m.c.i.e.AbstractTransferListenerAdapter - Downloaded https://repo.maven.apache.org/maven2/org/codehaus/plexus/plexus-compiler-api/2.8.2/plexus-compiler-api-2.8.2.jar
2021-03-12 16:44:05,982 [Worker-25] INFO  o.e.m.c.i.e.AbstractTransferListenerAdapter - Downloading https://repo.maven.apache.org/maven2/org/codehaus/plexus/plexus-compiler-manager/2.8.2/plexus-compiler-manager-2.8.2.jar
2021-03-12 16:44:06,142 [Worker-25] INFO  o.e.m.c.i.e.AbstractTransferListenerAdapter - Downloaded https://repo.maven.apache.org/maven2/org/codehaus/plexus/plexus-compiler-manager/2.8.2/plexus-compiler-manager-2.8.2.jar
2021-03-12 16:44:06,304 [Worker-25] INFO  o.e.m.c.i.e.AbstractTransferListenerAdapter - Downloading https://repo.maven.apache.org/maven2/org/codehaus/plexus/plexus-compiler-javac/2.8.2/plexus-compiler-javac-2.8.2.jar
2021-03-12 16:44:06,465 [Worker-25] INFO  o.e.m.c.i.e.AbstractTransferListenerAdapter - Downloaded https://repo.maven.apache.org/maven2/org/codehaus/plexus/plexus-compiler-javac/2.8.2/plexus-compiler-javac-2.8.2.jar
2021-03-12 16:44:06,623 [Worker-25] INFO  o.e.m.c.i.e.AbstractTransferListenerAdapter - Downloading https://repo.maven.apache.org/maven2/org/apache/maven/plugins/maven-surefire-plugin/2.22.0/maven-surefire-plugin-2.22.0.jar
2021-03-12 16:44:06,791 [Worker-25] INFO  o.e.m.c.i.e.AbstractTransferListenerAdapter - Downloaded https://repo.maven.apache.org/maven2/org/apache/maven/plugins/maven-surefire-plugin/2.22.0/maven-surefire-plugin-2.22.0.jar
2021-03-12 16:44:06,953 [Worker-25] INFO  o.e.m.c.i.e.AbstractTransferListenerAdapter - Downloading https://repo.maven.apache.org/maven2/org/apache/maven/surefire/maven-surefire-common/2.22.0/maven-surefire-common-2.22.0.jar
2021-03-12 16:44:07,279 [Worker-25] INFO  o.e.m.c.i.e.AbstractTransferListenerAdapter - Downloaded https://repo.maven.apache.org/maven2/org/apache/maven/surefire/maven-surefire-common/2.22.0/maven-surefire-common-2.22.0.jar
2021-03-12 16:44:07,439 [Worker-25] INFO  o.e.m.c.i.e.AbstractTransferListenerAdapter - Downloading https://repo.maven.apache.org/maven2/org/apache/maven/plugin-tools/maven-plugin-annotations/3.5/maven-plugin-annotations-3.5.jar
2021-03-12 16:44:07,601 [Worker-25] INFO  o.e.m.c.i.e.AbstractTransferListenerAdapter - Downloaded https://repo.maven.apache.org/maven2/org/apache/maven/plugin-tools/maven-plugin-annotations/3.5/maven-plugin-annotations-3.5.jar
2021-03-12 16:44:07,760 [Worker-25] INFO  o.e.m.c.i.e.AbstractTransferListenerAdapter - Downloading https://repo.maven.apache.org/maven2/org/apache/maven/surefire/surefire-api/2.22.0/surefire-api-2.22.0.jar
2021-03-12 16:44:07,971 [Worker-25] INFO  o.e.m.c.i.e.AbstractTransferListenerAdapter - Downloaded https://repo.maven.apache.org/maven2/org/apache/maven/surefire/surefire-api/2.22.0/surefire-api-2.22.0.jar
2021-03-12 16:44:08,137 [Worker-25] INFO  o.e.m.c.i.e.AbstractTransferListenerAdapter - Downloading https://repo.maven.apache.org/maven2/org/apache/maven/surefire/surefire-logger-api/2.22.0/surefire-logger-api-2.22.0.jar
2021-03-12 16:44:08,298 [Worker-25] INFO  o.e.m.c.i.e.AbstractTransferListenerAdapter - Downloaded https://repo.maven.apache.org/maven2/org/apache/maven/surefire/surefire-logger-api/2.22.0/surefire-logger-api-2.22.0.jar
2021-03-12 16:44:08,459 [Worker-25] INFO  o.e.m.c.i.e.AbstractTransferListenerAdapter - Downloading https://repo.maven.apache.org/maven2/org/apache/maven/surefire/surefire-booter/2.22.0/surefire-booter-2.22.0.jar
2021-03-12 16:44:08,696 [Worker-25] INFO  o.e.m.c.i.e.AbstractTransferListenerAdapter - Downloaded https://repo.maven.apache.org/maven2/org/apache/maven/surefire/surefire-booter/2.22.0/surefire-booter-2.22.0.jar
2021-03-12 16:44:08,860 [Worker-25] INFO  o.e.m.c.i.e.AbstractTransferListenerAdapter - Downloading https://repo.maven.apache.org/maven2/org/apache/maven/maven-plugin-descriptor/2.2.1/maven-plugin-descriptor-2.2.1.jar
2021-03-12 16:44:09,028 [Worker-25] INFO  o.e.m.c.i.e.AbstractTransferListenerAdapter - Downloaded https://repo.maven.apache.org/maven2/org/apache/maven/maven-plugin-descriptor/2.2.1/maven-plugin-descriptor-2.2.1.jar
2021-03-12 16:44:09,192 [Worker-25] INFO  o.e.m.c.i.e.AbstractTransferListenerAdapter - Downloading https://repo.maven.apache.org/maven2/org/apache/maven/maven-project/2.2.1/maven-project-2.2.1.jar
2021-03-12 16:44:09,397 [Worker-25] INFO  o.e.m.c.i.e.AbstractTransferListenerAdapter - Downloaded https://repo.maven.apache.org/maven2/org/apache/maven/maven-project/2.2.1/maven-project-2.2.1.jar
2021-03-12 16:44:09,561 [Worker-25] INFO  o.e.m.c.i.e.AbstractTransferListenerAdapter - Downloading https://repo.maven.apache.org/maven2/org/apache/maven/maven-profile/2.2.1/maven-profile-2.2.1.jar
2021-03-12 16:44:09,732 [Worker-25] INFO  o.e.m.c.i.e.AbstractTransferListenerAdapter - Downloaded https://repo.maven.apache.org/maven2/org/apache/maven/maven-profile/2.2.1/maven-profile-2.2.1.jar
2021-03-12 16:44:09,896 [Worker-25] INFO  o.e.m.c.i.e.AbstractTransferListenerAdapter - Downloading https://repo.maven.apache.org/maven2/org/apache/maven/maven-artifact-manager/2.2.1/maven-artifact-manager-2.2.1.jar
2021-03-12 16:44:10,073 [Worker-25] INFO  o.e.m.c.i.e.AbstractTransferListenerAdapter - Downloaded https://repo.maven.apache.org/maven2/org/apache/maven/maven-artifact-manager/2.2.1/maven-artifact-manager-2.2.1.jar
2021-03-12 16:44:10,233 [Worker-25] INFO  o.e.m.c.i.e.AbstractTransferListenerAdapter - Downloading https://repo.maven.apache.org/maven2/org/apache/maven/wagon/wagon-provider-api/1.0-beta-6/wagon-provider-api-1.0-beta-6.jar
2021-03-12 16:44:10,404 [Worker-25] INFO  o.e.m.c.i.e.AbstractTransferListenerAdapter - Downloaded https://repo.maven.apache.org/maven2/org/apache/maven/wagon/wagon-provider-api/1.0-beta-6/wagon-provider-api-1.0-beta-6.jar
2021-03-12 16:44:10,564 [Worker-25] INFO  o.e.m.c.i.e.AbstractTransferListenerAdapter - Downloading https://repo.maven.apache.org/maven2/backport-util-concurrent/backport-util-concurrent/3.1/backport-util-concurrent-3.1.jar
2021-03-12 16:44:10,820 [Worker-25] INFO  o.e.m.c.i.e.AbstractTransferListenerAdapter - Downloaded https://repo.maven.apache.org/maven2/backport-util-concurrent/backport-util-concurrent/3.1/backport-util-concurrent-3.1.jar
2021-03-12 16:44:10,982 [Worker-25] INFO  o.e.m.c.i.e.AbstractTransferListenerAdapter - Downloading https://repo.maven.apache.org/maven2/org/apache/maven/maven-plugin-registry/2.2.1/maven-plugin-registry-2.2.1.jar
2021-03-12 16:44:11,146 [Worker-25] INFO  o.e.m.c.i.e.AbstractTransferListenerAdapter - Downloaded https://repo.maven.apache.org/maven2/org/apache/maven/maven-plugin-registry/2.2.1/maven-plugin-registry-2.2.1.jar
2021-03-12 16:44:11,308 [Worker-25] INFO  o.e.m.c.i.e.AbstractTransferListenerAdapter - Downloading https://repo.maven.apache.org/maven2/org/apache/maven/maven-toolchain/2.2.1/maven-toolchain-2.2.1.jar
2021-03-12 16:44:11,496 [Worker-25] INFO  o.e.m.c.i.e.AbstractTransferListenerAdapter - Downloaded https://repo.maven.apache.org/maven2/org/apache/maven/maven-toolchain/2.2.1/maven-toolchain-2.2.1.jar
2021-03-12 16:44:13,281 [Worker-25] INFO  o.e.m.c.i.embedder.EclipseLogger - Using 'UTF-8' encoding to copy filtered resources.
2021-03-12 16:44:13,282 [Worker-25] INFO  o.e.m.c.i.embedder.EclipseLogger - skip non existing resourceDirectory C:\automationSoftek\ISOTrainWeb\src\main\resources
2021-03-12 16:44:13,284 [Worker-25] INFO  o.e.m.c.i.embedder.EclipseLogger - Using 'UTF-8' encoding to copy filtered resources.
2021-03-12 16:44:13,284 [Worker-25] INFO  o.e.m.c.i.embedder.EclipseLogger - skip non existing resourceDirectory C:\automationSoftek\ISOTrainWeb\src\test\resources
2021-03-12 16:44:15,427 [Worker-25] INFO  o.e.m.c.i.embedder.EclipseLogger - Using 'UTF-8' encoding to copy filtered resources.
2021-03-12 16:44:15,427 [Worker-25] INFO  o.e.m.c.i.embedder.EclipseLogger - skip non existing resourceDirectory C:\automationSoftek\ISOTrainWeb\src\main\resources
2021-03-12 16:44:15,429 [Worker-25] INFO  o.e.m.c.i.embedder.EclipseLogger - Using 'UTF-8' encoding to copy filtered resources.
2021-03-12 16:44:15,429 [Worker-25] INFO  o.e.m.c.i.embedder.EclipseLogger - skip non existing resourceDirectory C:\automationSoftek\ISOTrainWeb\src\test\resources
2021-03-12 16:45:18,529 [Worker-24] INFO  o.e.m.c.i.embedder.EclipseLogger - Using 'UTF-8' encoding to copy filtered resources.
2021-03-12 16:45:18,529 [Worker-24] INFO  o.e.m.c.i.embedder.EclipseLogger - skip non existing resourceDirectory C:\automationSoftek\ISOTrainWeb\src\main\resources
2021-03-12 16:45:18,530 [Worker-24] INFO  o.e.m.c.i.embedder.EclipseLogger - Using 'UTF-8' encoding to copy filtered resources.
2021-03-12 16:45:18,530 [Worker-24] INFO  o.e.m.c.i.embedder.EclipseLogger - skip non existing resourceDirectory C:\automationSoftek\ISOTrainWeb\src\test\resources
2021-03-12 16:45:26,731 [Worker-25] INFO  o.e.m.c.i.embedder.EclipseLogger - Using 'UTF-8' encoding to copy filtered resources.
2021-03-12 16:45:26,731 [Worker-25] INFO  o.e.m.c.i.embedder.EclipseLogger - skip non existing resourceDirectory C:\automationSoftek\ISOTrainWeb\src\main\resources
2021-03-12 16:45:26,732 [Worker-25] INFO  o.e.m.c.i.embedder.EclipseLogger - Using 'UTF-8' encoding to copy filtered resources.
2021-03-12 16:45:26,732 [Worker-25] INFO  o.e.m.c.i.embedder.EclipseLogger - skip non existing resourceDirectory C:\automationSoftek\ISOTrainWeb\src\test\resources
2021-03-12 16:45:36,130 [Worker-24] INFO  o.e.m.c.i.embedder.EclipseLogger - Using 'UTF-8' encoding to copy filtered resources.
2021-03-12 16:45:36,130 [Worker-24] INFO  o.e.m.c.i.embedder.EclipseLogger - skip non existing resourceDirectory C:\automationSoftek\ISOTrainWeb\src\main\resources
2021-03-12 16:45:36,132 [Worker-24] INFO  o.e.m.c.i.embedder.EclipseLogger - Using 'UTF-8' encoding to copy filtered resources.
2021-03-12 16:45:36,132 [Worker-24] INFO  o.e.m.c.i.embedder.EclipseLogger - skip non existing resourceDirectory C:\automationSoftek\ISOTrainWeb\src\test\resources
2021-03-12 16:45:52,654 [Worker-23] INFO  o.e.m.i.launch.MavenLaunchDelegate - C:\automationSoftek\ISOTrainWeb
2021-03-12 16:45:52,655 [Worker-23] INFO  o.e.m.i.launch.MavenLaunchDelegate -  mvn -B install
2021-03-12 16:45:56,219 [Worker-25] INFO  o.e.m.c.i.embedder.EclipseLogger - Using 'UTF-8' encoding to copy filtered resources.
2021-03-12 16:45:56,220 [Worker-25] INFO  o.e.m.c.i.embedder.EclipseLogger - skip non existing resourceDirectory C:\automationSoftek\ISOTrainWeb\src\main\resources
2021-03-12 16:45:56,221 [Worker-25] INFO  o.e.m.c.i.embedder.EclipseLogger - Using 'UTF-8' encoding to copy filtered resources.
2021-03-12 16:45:56,221 [Worker-25] INFO  o.e.m.c.i.embedder.EclipseLogger - skip non existing resourceDirectory C:\automationSoftek\ISOTrainWeb\src\test\resources
2021-03-12 16:46:06,493 [Worker-26] INFO  o.e.m.c.i.embedder.EclipseLogger - Using 'UTF-8' encoding to copy filtered resources.
2021-03-12 16:46:06,493 [Worker-26] INFO  o.e.m.c.i.embedder.EclipseLogger - skip non existing resourceDirectory C:\automationSoftek\ISOTrainWeb\src\main\resources
2021-03-12 16:46:06,494 [Worker-26] INFO  o.e.m.c.i.embedder.EclipseLogger - Using 'UTF-8' encoding to copy filtered resources.
2021-03-12 16:46:06,495 [Worker-26] INFO  o.e.m.c.i.embedder.EclipseLogger - skip non existing resourceDirectory C:\automationSoftek\ISOTrainWeb\src\test\resources
2021-03-12 16:46:07,518 [Worker-25] INFO  o.e.m.c.i.embedder.EclipseLogger - Using 'UTF-8' encoding to copy filtered resources.
2021-03-12 16:46:07,518 [Worker-25] INFO  o.e.m.c.i.embedder.EclipseLogger - skip non existing resourceDirectory C:\automationSoftek\ISOTrainWeb\src\main\resources
2021-03-12 16:46:07,520 [Worker-25] INFO  o.e.m.c.i.embedder.EclipseLogger - Using 'UTF-8' encoding to copy filtered resources.
2021-03-12 16:46:07,520 [Worker-25] INFO  o.e.m.c.i.embedder.EclipseLogger - skip non existing resourceDirectory C:\automationSoftek\ISOTrainWeb\src\test\resources
2021-03-12 16:46:27,540 [Worker-25] INFO  o.e.m.c.i.embedder.EclipseLogger - Using 'UTF-8' encoding to copy filtered resources.
2021-03-12 16:46:27,541 [Worker-25] INFO  o.e.m.c.i.embedder.EclipseLogger - skip non existing resourceDirectory C:\automationSoftek\ISOTrainWeb\src\main\resources
2021-03-12 16:46:27,541 [Worker-25] INFO  o.e.m.c.i.embedder.EclipseLogger - Using 'UTF-8' encoding to copy filtered resources.
2021-03-12 16:46:27,542 [Worker-25] INFO  o.e.m.c.i.embedder.EclipseLogger - skip non existing resourceDirectory C:\automationSoftek\ISOTrainWeb\src\test\resources
2021-03-12 16:47:21,150 [Worker-23] INFO  o.e.m.c.i.embedder.EclipseLogger - Using 'UTF-8' encoding to copy filtered resources.
2021-03-12 16:47:21,150 [Worker-23] INFO  o.e.m.c.i.embedder.EclipseLogger - skip non existing resourceDirectory C:\automationSoftek\ISOTrainWeb\src\main\resources
2021-03-12 16:47:21,151 [Worker-23] INFO  o.e.m.c.i.embedder.EclipseLogger - Using 'UTF-8' encoding to copy filtered resources.
2021-03-12 16:47:21,151 [Worker-23] INFO  o.e.m.c.i.embedder.EclipseLogger - skip non existing resourceDirectory C:\automationSoftek\ISOTrainWeb\src\test\resources
2021-03-12 16:53:12,513 [Worker-28] WARN  o.e.r.models.ModelRepository - Failed to download org.eclipse.recommenders:index::zip:0.0.0
org.eclipse.aether.resolution.ArtifactResolutionException: Could not find artifact org.eclipse.recommenders:index:zip:0.0.0-SNAPSHOT in models (http://download.eclipse.org/recommenders/models/oxygen/)
	at org.eclipse.aether.internal.impl.DefaultArtifactResolver.resolve(DefaultArtifactResolver.java:453) ~[na:na]
	at org.eclipse.aether.internal.impl.DefaultArtifactResolver.resolveArtifacts(DefaultArtifactResolver.java:255) ~[na:na]
	at org.eclipse.aether.internal.impl.DefaultArtifactResolver.resolveArtifact(DefaultArtifactResolver.java:232) ~[na:na]
	at org.eclipse.aether.internal.impl.DefaultRepositorySystem.resolveArtifact(DefaultRepositorySystem.java:303) ~[na:na]
	at org.eclipse.recommenders.models.ModelRepository.resolveInternal(ModelRepository.java:193) [org.eclipse.recommenders.models_2.5.0.v20171201-1623.jar:na]
	at org.eclipse.recommenders.models.ModelRepository.resolve(ModelRepository.java:172) [org.eclipse.recommenders.models_2.5.0.v20171201-1623.jar:na]
	at org.eclipse.recommenders.internal.models.rcp.EclipseModelRepository.resolve(EclipseModelRepository.java:168) [org.eclipse.recommenders.models.rcp_2.5.0.v20171201-1623.jar:na]
	at org.eclipse.recommenders.internal.models.rcp.DownloadModelArchiveJob.run(DownloadModelArchiveJob.java:76) [org.eclipse.recommenders.models.rcp_2.5.0.v20171201-1623.jar:na]
	at org.eclipse.core.internal.jobs.Worker.run(Worker.java:56) [org.eclipse.core.jobs_3.9.2.v20171030-1027.jar:na]
Caused by: org.eclipse.aether.transfer.ArtifactNotFoundException: Could not find artifact org.eclipse.recommenders:index:zip:0.0.0-SNAPSHOT in models (http://download.eclipse.org/recommenders/models/oxygen/)
	at org.eclipse.aether.connector.basic.ArtifactTransportListener.transferFailed(ArtifactTransportListener.java:48) ~[org.apache.maven.resolver.connector.basic_1.0.3.v20170405-0725.jar:1.0.3]
	at org.eclipse.aether.connector.basic.BasicRepositoryConnector$TaskRunner.run(BasicRepositoryConnector.java:364) ~[org.apache.maven.resolver.connector.basic_1.0.3.v20170405-0725.jar:1.0.3]
	at org.eclipse.aether.util.concurrency.RunnableErrorForwarder$1.run(RunnableErrorForwarder.java:76) ~[na:na]
	at org.eclipse.aether.connector.basic.BasicRepositoryConnector$DirectExecutor.execute(BasicRepositoryConnector.java:590) ~[org.apache.maven.resolver.connector.basic_1.0.3.v20170405-0725.jar:1.0.3]
	at org.eclipse.aether.connector.basic.BasicRepositoryConnector.get(BasicRepositoryConnector.java:258) ~[org.apache.maven.resolver.connector.basic_1.0.3.v20170405-0725.jar:1.0.3]
	at org.eclipse.aether.internal.impl.DefaultArtifactResolver.performDownloads(DefaultArtifactResolver.java:529) ~[na:na]
	at org.eclipse.aether.internal.impl.DefaultArtifactResolver.resolve(DefaultArtifactResolver.java:430) ~[na:na]
	... 8 common frames omitted
2021-03-12 16:54:48,713 [Worker-29] INFO  o.e.m.c.i.embedder.EclipseLogger - Using 'UTF-8' encoding to copy filtered resources.
2021-03-12 16:54:48,714 [Worker-29] INFO  o.e.m.c.i.embedder.EclipseLogger - skip non existing resourceDirectory C:\automationSoftek\ISOTrainWeb\src\main\resources
2021-03-12 16:54:48,714 [Worker-29] INFO  o.e.m.c.i.embedder.EclipseLogger - Using 'UTF-8' encoding to copy filtered resources.
2021-03-12 16:54:48,715 [Worker-29] INFO  o.e.m.c.i.embedder.EclipseLogger - skip non existing resourceDirectory C:\automationSoftek\ISOTrainWeb\src\test\resources
2021-03-12 17:17:36,128 [Worker-37] INFO  o.e.m.c.i.embedder.EclipseLogger - Using 'UTF-8' encoding to copy filtered resources.
2021-03-12 17:17:36,129 [Worker-37] INFO  o.e.m.c.i.embedder.EclipseLogger - skip non existing resourceDirectory C:\automationSoftek\ISOTrainWeb\src\main\resources
2021-03-12 17:17:36,131 [Worker-37] INFO  o.e.m.c.i.embedder.EclipseLogger - Using 'UTF-8' encoding to copy filtered resources.
2021-03-12 17:17:36,131 [Worker-37] INFO  o.e.m.c.i.embedder.EclipseLogger - skip non existing resourceDirectory C:\automationSoftek\ISOTrainWeb\src\test\resources
2021-03-15 11:30:27,097 [Worker-797] INFO  o.e.m.c.i.embedder.EclipseLogger - Using 'UTF-8' encoding to copy filtered resources.
2021-03-15 11:30:27,098 [Worker-797] INFO  o.e.m.c.i.embedder.EclipseLogger - skip non existing resourceDirectory C:\automationSoftek\ISOTrainWeb\src\main\resources
2021-03-15 11:30:27,099 [Worker-797] INFO  o.e.m.c.i.embedder.EclipseLogger - Using 'UTF-8' encoding to copy filtered resources.
2021-03-15 11:30:27,099 [Worker-797] INFO  o.e.m.c.i.embedder.EclipseLogger - skip non existing resourceDirectory C:\automationSoftek\ISOTrainWeb\src\test\resources
2021-03-15 11:30:53,436 [Worker-800] INFO  o.e.m.c.i.embedder.EclipseLogger - Using 'UTF-8' encoding to copy filtered resources.
2021-03-15 11:30:53,436 [Worker-800] INFO  o.e.m.c.i.embedder.EclipseLogger - skip non existing resourceDirectory C:\automationSoftek\ISOTrainWeb\src\main\resources
2021-03-15 11:30:53,437 [Worker-800] INFO  o.e.m.c.i.embedder.EclipseLogger - Using 'UTF-8' encoding to copy filtered resources.
2021-03-15 11:30:53,438 [Worker-800] INFO  o.e.m.c.i.embedder.EclipseLogger - skip non existing resourceDirectory C:\automationSoftek\ISOTrainWeb\src\test\resources
2021-03-15 11:31:01,763 [Worker-804] INFO  o.e.m.c.i.embedder.EclipseLogger - Using 'UTF-8' encoding to copy filtered resources.
2021-03-15 11:31:01,763 [Worker-804] INFO  o.e.m.c.i.embedder.EclipseLogger - skip non existing resourceDirectory C:\automationSoftek\ISOTrainWeb\src\main\resources
2021-03-15 11:31:01,764 [Worker-804] INFO  o.e.m.c.i.embedder.EclipseLogger - Using 'UTF-8' encoding to copy filtered resources.
2021-03-15 11:31:01,765 [Worker-804] INFO  o.e.m.c.i.embedder.EclipseLogger - skip non existing resourceDirectory C:\automationSoftek\ISOTrainWeb\src\test\resources
2021-03-15 11:31:16,083 [Worker-804] INFO  o.e.m.c.i.embedder.EclipseLogger - Using 'UTF-8' encoding to copy filtered resources.
2021-03-15 11:31:16,083 [Worker-804] INFO  o.e.m.c.i.embedder.EclipseLogger - skip non existing resourceDirectory C:\automationSoftek\ISOTrainWeb\src\main\resources
2021-03-15 11:31:16,085 [Worker-804] INFO  o.e.m.c.i.embedder.EclipseLogger - Using 'UTF-8' encoding to copy filtered resources.
2021-03-15 11:31:16,085 [Worker-804] INFO  o.e.m.c.i.embedder.EclipseLogger - skip non existing resourceDirectory C:\automationSoftek\ISOTrainWeb\src\test\resources
2021-03-15 11:31:44,288 [Worker-802] INFO  o.e.m.c.i.embedder.EclipseLogger - Using 'UTF-8' encoding to copy filtered resources.
2021-03-15 11:31:44,288 [Worker-802] INFO  o.e.m.c.i.embedder.EclipseLogger - skip non existing resourceDirectory C:\automationSoftek\ISOTrainWeb\src\main\resources
2021-03-15 11:31:44,289 [Worker-802] INFO  o.e.m.c.i.embedder.EclipseLogger - Using 'UTF-8' encoding to copy filtered resources.
2021-03-15 11:31:44,289 [Worker-802] INFO  o.e.m.c.i.embedder.EclipseLogger - skip non existing resourceDirectory C:\automationSoftek\ISOTrainWeb\src\test\resources
2021-03-15 11:32:59,868 [Worker-804] INFO  o.e.m.c.i.embedder.EclipseLogger - Using 'UTF-8' encoding to copy filtered resources.
2021-03-15 11:32:59,868 [Worker-804] INFO  o.e.m.c.i.embedder.EclipseLogger - skip non existing resourceDirectory C:\automationSoftek\ISOTrainWeb\src\main\resources
2021-03-15 11:32:59,869 [Worker-804] INFO  o.e.m.c.i.embedder.EclipseLogger - Using 'UTF-8' encoding to copy filtered resources.
2021-03-15 11:32:59,869 [Worker-804] INFO  o.e.m.c.i.embedder.EclipseLogger - skip non existing resourceDirectory C:\automationSoftek\ISOTrainWeb\src\test\resources
2021-03-15 11:33:08,995 [Worker-804] INFO  o.e.m.c.i.embedder.EclipseLogger - Using 'UTF-8' encoding to copy filtered resources.
2021-03-15 11:33:08,995 [Worker-804] INFO  o.e.m.c.i.embedder.EclipseLogger - skip non existing resourceDirectory C:\automationSoftek\ISOTrainWeb\src\main\resources
2021-03-15 11:33:09,000 [Worker-804] INFO  o.e.m.c.i.embedder.EclipseLogger - Using 'UTF-8' encoding to copy filtered resources.
2021-03-15 11:33:09,000 [Worker-804] INFO  o.e.m.c.i.embedder.EclipseLogger - skip non existing resourceDirectory C:\automationSoftek\ISOTrainWeb\src\test\resources
2021-03-15 11:33:19,624 [Worker-797] INFO  o.e.m.c.i.embedder.EclipseLogger - Using 'UTF-8' encoding to copy filtered resources.
2021-03-15 11:33:19,624 [Worker-797] INFO  o.e.m.c.i.embedder.EclipseLogger - skip non existing resourceDirectory C:\automationSoftek\ISOTrainWeb\src\main\resources
2021-03-15 11:33:19,625 [Worker-797] INFO  o.e.m.c.i.embedder.EclipseLogger - Using 'UTF-8' encoding to copy filtered resources.
2021-03-15 11:33:19,625 [Worker-797] INFO  o.e.m.c.i.embedder.EclipseLogger - skip non existing resourceDirectory C:\automationSoftek\ISOTrainWeb\src\test\resources
2021-03-15 11:34:32,232 [Worker-803] INFO  o.e.m.c.i.embedder.EclipseLogger - Using 'UTF-8' encoding to copy filtered resources.
2021-03-15 11:34:32,233 [Worker-803] INFO  o.e.m.c.i.embedder.EclipseLogger - skip non existing resourceDirectory C:\automationSoftek\ISOTrainWeb\src\main\resources
2021-03-15 11:34:32,234 [Worker-803] INFO  o.e.m.c.i.embedder.EclipseLogger - Using 'UTF-8' encoding to copy filtered resources.
2021-03-15 11:34:32,234 [Worker-803] INFO  o.e.m.c.i.embedder.EclipseLogger - skip non existing resourceDirectory C:\automationSoftek\ISOTrainWeb\src\test\resources
2021-03-15 11:42:01,976 [Worker-803] INFO  o.e.m.c.i.embedder.EclipseLogger - Using 'UTF-8' encoding to copy filtered resources.
2021-03-15 11:42:01,976 [Worker-803] INFO  o.e.m.c.i.embedder.EclipseLogger - skip non existing resourceDirectory C:\automationSoftek\ISOTrainWeb\src\main\resources
2021-03-15 11:42:01,977 [Worker-803] INFO  o.e.m.c.i.embedder.EclipseLogger - Using 'UTF-8' encoding to copy filtered resources.
2021-03-15 11:42:01,977 [Worker-803] INFO  o.e.m.c.i.embedder.EclipseLogger - skip non existing resourceDirectory C:\automationSoftek\ISOTrainWeb\src\test\resources
2021-03-15 11:42:51,592 [Worker-806] INFO  o.e.m.c.i.embedder.EclipseLogger - Using 'UTF-8' encoding to copy filtered resources.
2021-03-15 11:42:51,593 [Worker-806] INFO  o.e.m.c.i.embedder.EclipseLogger - skip non existing resourceDirectory C:\automationSoftek\ISOTrainWeb\src\main\resources
2021-03-15 11:42:51,593 [Worker-806] INFO  o.e.m.c.i.embedder.EclipseLogger - Using 'UTF-8' encoding to copy filtered resources.
2021-03-15 11:42:51,594 [Worker-806] INFO  o.e.m.c.i.embedder.EclipseLogger - skip non existing resourceDirectory C:\automationSoftek\ISOTrainWeb\src\test\resources
2021-03-15 12:19:36,037 [Worker-812] INFO  o.e.m.c.i.embedder.EclipseLogger - Using 'UTF-8' encoding to copy filtered resources.
2021-03-15 12:19:36,038 [Worker-812] INFO  o.e.m.c.i.embedder.EclipseLogger - skip non existing resourceDirectory C:\automationSoftek\ISOTrainWeb\src\main\resources
2021-03-15 12:19:36,038 [Worker-812] INFO  o.e.m.c.i.embedder.EclipseLogger - Using 'UTF-8' encoding to copy filtered resources.
2021-03-15 12:19:36,039 [Worker-812] INFO  o.e.m.c.i.embedder.EclipseLogger - skip non existing resourceDirectory C:\automationSoftek\ISOTrainWeb\src\test\resources
2021-03-15 12:20:49,840 [Worker-809] INFO  o.e.m.c.i.embedder.EclipseLogger - Using 'UTF-8' encoding to copy filtered resources.
2021-03-15 12:20:49,841 [Worker-809] INFO  o.e.m.c.i.embedder.EclipseLogger - skip non existing resourceDirectory C:\automationSoftek\ISOTrainWeb\src\main\resources
2021-03-15 12:20:49,842 [Worker-809] INFO  o.e.m.c.i.embedder.EclipseLogger - Using 'UTF-8' encoding to copy filtered resources.
2021-03-15 12:20:49,842 [Worker-809] INFO  o.e.m.c.i.embedder.EclipseLogger - skip non existing resourceDirectory C:\automationSoftek\ISOTrainWeb\src\test\resources
2021-03-15 12:23:51,219 [Worker-811] INFO  o.e.m.c.i.embedder.EclipseLogger - Using 'UTF-8' encoding to copy filtered resources.
2021-03-15 12:23:51,220 [Worker-811] INFO  o.e.m.c.i.embedder.EclipseLogger - skip non existing resourceDirectory C:\automationSoftek\ISOTrainWeb\src\main\resources
2021-03-15 12:23:51,220 [Worker-811] INFO  o.e.m.c.i.embedder.EclipseLogger - Using 'UTF-8' encoding to copy filtered resources.
2021-03-15 12:23:51,220 [Worker-811] INFO  o.e.m.c.i.embedder.EclipseLogger - skip non existing resourceDirectory C:\automationSoftek\ISOTrainWeb\src\test\resources
2021-03-15 12:32:28,301 [Worker-816] INFO  o.e.m.c.i.embedder.EclipseLogger - Using 'UTF-8' encoding to copy filtered resources.
2021-03-15 12:32:28,302 [Worker-816] INFO  o.e.m.c.i.embedder.EclipseLogger - skip non existing resourceDirectory C:\automationSoftek\ISOTrainWeb\src\main\resources
2021-03-15 12:32:28,303 [Worker-816] INFO  o.e.m.c.i.embedder.EclipseLogger - Using 'UTF-8' encoding to copy filtered resources.
2021-03-15 12:32:28,303 [Worker-816] INFO  o.e.m.c.i.embedder.EclipseLogger - skip non existing resourceDirectory C:\automationSoftek\ISOTrainWeb\src\test\resources
2021-03-15 12:33:03,422 [Worker-813] INFO  o.e.m.c.i.embedder.EclipseLogger - Using 'UTF-8' encoding to copy filtered resources.
2021-03-15 12:33:03,422 [Worker-813] INFO  o.e.m.c.i.embedder.EclipseLogger - skip non existing resourceDirectory C:\automationSoftek\ISOTrainWeb\src\main\resources
2021-03-15 12:33:03,423 [Worker-813] INFO  o.e.m.c.i.embedder.EclipseLogger - Using 'UTF-8' encoding to copy filtered resources.
2021-03-15 12:33:03,423 [Worker-813] INFO  o.e.m.c.i.embedder.EclipseLogger - skip non existing resourceDirectory C:\automationSoftek\ISOTrainWeb\src\test\resources
2021-03-15 12:34:50,959 [Worker-813] INFO  o.e.m.c.i.embedder.EclipseLogger - Using 'UTF-8' encoding to copy filtered resources.
2021-03-15 12:34:50,960 [Worker-813] INFO  o.e.m.c.i.embedder.EclipseLogger - skip non existing resourceDirectory C:\automationSoftek\ISOTrainWeb\src\main\resources
2021-03-15 12:34:50,960 [Worker-813] INFO  o.e.m.c.i.embedder.EclipseLogger - Using 'UTF-8' encoding to copy filtered resources.
2021-03-15 12:34:50,961 [Worker-813] INFO  o.e.m.c.i.embedder.EclipseLogger - skip non existing resourceDirectory C:\automationSoftek\ISOTrainWeb\src\test\resources
2021-03-15 12:35:35,103 [Worker-811] INFO  o.e.m.c.i.embedder.EclipseLogger - Using 'UTF-8' encoding to copy filtered resources.
2021-03-15 12:35:35,103 [Worker-811] INFO  o.e.m.c.i.embedder.EclipseLogger - skip non existing resourceDirectory C:\automationSoftek\ISOTrainWeb\src\main\resources
2021-03-15 12:35:35,104 [Worker-811] INFO  o.e.m.c.i.embedder.EclipseLogger - Using 'UTF-8' encoding to copy filtered resources.
2021-03-15 12:35:35,104 [Worker-811] INFO  o.e.m.c.i.embedder.EclipseLogger - skip non existing resourceDirectory C:\automationSoftek\ISOTrainWeb\src\test\resources
2021-03-15 12:41:47,561 [Worker-819] INFO  o.e.m.c.i.embedder.EclipseLogger - Using 'UTF-8' encoding to copy filtered resources.
2021-03-15 12:41:47,562 [Worker-819] INFO  o.e.m.c.i.embedder.EclipseLogger - skip non existing resourceDirectory C:\automationSoftek\ISOTrainWeb\src\main\resources
2021-03-15 12:41:47,562 [Worker-819] INFO  o.e.m.c.i.embedder.EclipseLogger - Using 'UTF-8' encoding to copy filtered resources.
2021-03-15 12:41:47,562 [Worker-819] INFO  o.e.m.c.i.embedder.EclipseLogger - skip non existing resourceDirectory C:\automationSoftek\ISOTrainWeb\src\test\resources
2021-03-15 12:42:05,539 [Worker-820] INFO  o.e.m.c.i.embedder.EclipseLogger - Using 'UTF-8' encoding to copy filtered resources.
2021-03-15 12:42:05,540 [Worker-820] INFO  o.e.m.c.i.embedder.EclipseLogger - skip non existing resourceDirectory C:\automationSoftek\ISOTrainWeb\src\main\resources
2021-03-15 12:42:05,540 [Worker-820] INFO  o.e.m.c.i.embedder.EclipseLogger - Using 'UTF-8' encoding to copy filtered resources.
2021-03-15 12:42:05,541 [Worker-820] INFO  o.e.m.c.i.embedder.EclipseLogger - skip non existing resourceDirectory C:\automationSoftek\ISOTrainWeb\src\test\resources
2021-03-15 12:48:10,402 [Worker-823] INFO  o.e.m.c.i.embedder.EclipseLogger - Using 'UTF-8' encoding to copy filtered resources.
2021-03-15 12:48:10,403 [Worker-823] INFO  o.e.m.c.i.embedder.EclipseLogger - skip non existing resourceDirectory C:\automationSoftek\ISOTrainWeb\src\main\resources
2021-03-15 12:48:10,403 [Worker-823] INFO  o.e.m.c.i.embedder.EclipseLogger - Using 'UTF-8' encoding to copy filtered resources.
2021-03-15 12:48:10,403 [Worker-823] INFO  o.e.m.c.i.embedder.EclipseLogger - skip non existing resourceDirectory C:\automationSoftek\ISOTrainWeb\src\test\resources
2021-03-15 12:53:02,530 [Worker-828] INFO  o.e.m.c.i.embedder.EclipseLogger - Using 'UTF-8' encoding to copy filtered resources.
2021-03-15 12:53:02,531 [Worker-828] INFO  o.e.m.c.i.embedder.EclipseLogger - skip non existing resourceDirectory C:\automationSoftek\ISOTrainWeb\src\main\resources
2021-03-15 12:53:02,531 [Worker-828] INFO  o.e.m.c.i.embedder.EclipseLogger - Using 'UTF-8' encoding to copy filtered resources.
2021-03-15 12:53:02,532 [Worker-828] INFO  o.e.m.c.i.embedder.EclipseLogger - skip non existing resourceDirectory C:\automationSoftek\ISOTrainWeb\src\test\resources
2021-03-15 12:54:58,859 [Worker-829] INFO  o.e.m.c.i.embedder.EclipseLogger - Using 'UTF-8' encoding to copy filtered resources.
2021-03-15 12:54:58,860 [Worker-829] INFO  o.e.m.c.i.embedder.EclipseLogger - skip non existing resourceDirectory C:\automationSoftek\ISOTrainWeb\src\main\resources
2021-03-15 12:54:58,861 [Worker-829] INFO  o.e.m.c.i.embedder.EclipseLogger - Using 'UTF-8' encoding to copy filtered resources.
2021-03-15 12:54:58,861 [Worker-829] INFO  o.e.m.c.i.embedder.EclipseLogger - skip non existing resourceDirectory C:\automationSoftek\ISOTrainWeb\src\test\resources
2021-03-15 12:55:11,221 [Worker-828] INFO  o.e.m.c.i.embedder.EclipseLogger - Using 'UTF-8' encoding to copy filtered resources.
2021-03-15 12:55:11,221 [Worker-828] INFO  o.e.m.c.i.embedder.EclipseLogger - skip non existing resourceDirectory C:\automationSoftek\ISOTrainWeb\src\main\resources
2021-03-15 12:55:11,222 [Worker-828] INFO  o.e.m.c.i.embedder.EclipseLogger - Using 'UTF-8' encoding to copy filtered resources.
2021-03-15 12:55:11,222 [Worker-828] INFO  o.e.m.c.i.embedder.EclipseLogger - skip non existing resourceDirectory C:\automationSoftek\ISOTrainWeb\src\test\resources
2021-03-15 12:56:08,947 [Worker-828] INFO  o.e.m.c.i.embedder.EclipseLogger - Using 'UTF-8' encoding to copy filtered resources.
2021-03-15 12:56:08,947 [Worker-828] INFO  o.e.m.c.i.embedder.EclipseLogger - skip non existing resourceDirectory C:\automationSoftek\ISOTrainWeb\src\main\resources
2021-03-15 12:56:08,948 [Worker-828] INFO  o.e.m.c.i.embedder.EclipseLogger - Using 'UTF-8' encoding to copy filtered resources.
2021-03-15 12:56:08,948 [Worker-828] INFO  o.e.m.c.i.embedder.EclipseLogger - skip non existing resourceDirectory C:\automationSoftek\ISOTrainWeb\src\test\resources
2021-03-15 14:05:52,942 [Worker-845] INFO  o.e.m.c.i.embedder.EclipseLogger - Using 'UTF-8' encoding to copy filtered resources.
2021-03-15 14:05:52,943 [Worker-845] INFO  o.e.m.c.i.embedder.EclipseLogger - skip non existing resourceDirectory C:\automationSoftek\ISOTrainWeb\src\main\resources
2021-03-15 14:05:52,943 [Worker-845] INFO  o.e.m.c.i.embedder.EclipseLogger - Using 'UTF-8' encoding to copy filtered resources.
2021-03-15 14:05:52,944 [Worker-845] INFO  o.e.m.c.i.embedder.EclipseLogger - skip non existing resourceDirectory C:\automationSoftek\ISOTrainWeb\src\test\resources
2021-03-15 14:09:51,679 [Worker-841] INFO  o.e.m.c.i.embedder.EclipseLogger - Using 'UTF-8' encoding to copy filtered resources.
2021-03-15 14:09:51,680 [Worker-841] INFO  o.e.m.c.i.embedder.EclipseLogger - skip non existing resourceDirectory C:\automationSoftek\ISOTrainWeb\src\main\resources
2021-03-15 14:09:51,680 [Worker-841] INFO  o.e.m.c.i.embedder.EclipseLogger - Using 'UTF-8' encoding to copy filtered resources.
2021-03-15 14:09:51,681 [Worker-841] INFO  o.e.m.c.i.embedder.EclipseLogger - skip non existing resourceDirectory C:\automationSoftek\ISOTrainWeb\src\test\resources
2021-03-15 14:14:17,674 [Worker-847] INFO  o.e.m.c.i.embedder.EclipseLogger - Using 'UTF-8' encoding to copy filtered resources.
2021-03-15 14:14:17,675 [Worker-847] INFO  o.e.m.c.i.embedder.EclipseLogger - skip non existing resourceDirectory C:\automationSoftek\ISOTrainWeb\src\main\resources
2021-03-15 14:14:17,676 [Worker-847] INFO  o.e.m.c.i.embedder.EclipseLogger - Using 'UTF-8' encoding to copy filtered resources.
2021-03-15 14:14:17,676 [Worker-847] INFO  o.e.m.c.i.embedder.EclipseLogger - skip non existing resourceDirectory C:\automationSoftek\ISOTrainWeb\src\test\resources
2021-03-15 14:15:25,487 [Worker-844] INFO  o.e.m.c.i.embedder.EclipseLogger - Using 'UTF-8' encoding to copy filtered resources.
2021-03-15 14:15:25,488 [Worker-844] INFO  o.e.m.c.i.embedder.EclipseLogger - skip non existing resourceDirectory C:\automationSoftek\ISOTrainWeb\src\main\resources
2021-03-15 14:15:25,488 [Worker-844] INFO  o.e.m.c.i.embedder.EclipseLogger - Using 'UTF-8' encoding to copy filtered resources.
2021-03-15 14:15:25,489 [Worker-844] INFO  o.e.m.c.i.embedder.EclipseLogger - skip non existing resourceDirectory C:\automationSoftek\ISOTrainWeb\src\test\resources
2021-03-15 14:15:39,310 [Worker-849] INFO  o.e.m.c.i.embedder.EclipseLogger - Using 'UTF-8' encoding to copy filtered resources.
2021-03-15 14:15:39,310 [Worker-849] INFO  o.e.m.c.i.embedder.EclipseLogger - skip non existing resourceDirectory C:\automationSoftek\ISOTrainWeb\src\main\resources
2021-03-15 14:15:39,311 [Worker-849] INFO  o.e.m.c.i.embedder.EclipseLogger - Using 'UTF-8' encoding to copy filtered resources.
2021-03-15 14:15:39,311 [Worker-849] INFO  o.e.m.c.i.embedder.EclipseLogger - skip non existing resourceDirectory C:\automationSoftek\ISOTrainWeb\src\test\resources
2021-03-15 14:18:02,871 [Worker-844] INFO  o.e.m.c.i.embedder.EclipseLogger - Using 'UTF-8' encoding to copy filtered resources.
2021-03-15 14:18:02,872 [Worker-844] INFO  o.e.m.c.i.embedder.EclipseLogger - skip non existing resourceDirectory C:\automationSoftek\ISOTrainWeb\src\main\resources
2021-03-15 14:18:02,873 [Worker-844] INFO  o.e.m.c.i.embedder.EclipseLogger - Using 'UTF-8' encoding to copy filtered resources.
2021-03-15 14:18:02,873 [Worker-844] INFO  o.e.m.c.i.embedder.EclipseLogger - skip non existing resourceDirectory C:\automationSoftek\ISOTrainWeb\src\test\resources
2021-03-15 14:18:44,576 [Worker-844] INFO  o.e.m.c.i.embedder.EclipseLogger - Using 'UTF-8' encoding to copy filtered resources.
2021-03-15 14:18:44,576 [Worker-844] INFO  o.e.m.c.i.embedder.EclipseLogger - skip non existing resourceDirectory C:\automationSoftek\ISOTrainWeb\src\main\resources
2021-03-15 14:18:44,577 [Worker-844] INFO  o.e.m.c.i.embedder.EclipseLogger - Using 'UTF-8' encoding to copy filtered resources.
2021-03-15 14:18:44,577 [Worker-844] INFO  o.e.m.c.i.embedder.EclipseLogger - skip non existing resourceDirectory C:\automationSoftek\ISOTrainWeb\src\test\resources
2021-03-15 14:19:30,908 [Worker-851] INFO  o.e.m.c.i.embedder.EclipseLogger - Using 'UTF-8' encoding to copy filtered resources.
2021-03-15 14:19:30,908 [Worker-851] INFO  o.e.m.c.i.embedder.EclipseLogger - skip non existing resourceDirectory C:\automationSoftek\ISOTrainWeb\src\main\resources
2021-03-15 14:19:30,910 [Worker-851] INFO  o.e.m.c.i.embedder.EclipseLogger - Using 'UTF-8' encoding to copy filtered resources.
2021-03-15 14:19:30,910 [Worker-851] INFO  o.e.m.c.i.embedder.EclipseLogger - skip non existing resourceDirectory C:\automationSoftek\ISOTrainWeb\src\test\resources
2021-03-15 14:21:03,308 [Worker-848] INFO  o.e.m.c.i.embedder.EclipseLogger - Using 'UTF-8' encoding to copy filtered resources.
2021-03-15 14:21:03,308 [Worker-848] INFO  o.e.m.c.i.embedder.EclipseLogger - skip non existing resourceDirectory C:\automationSoftek\ISOTrainWeb\src\main\resources
2021-03-15 14:21:03,309 [Worker-848] INFO  o.e.m.c.i.embedder.EclipseLogger - Using 'UTF-8' encoding to copy filtered resources.
2021-03-15 14:21:03,309 [Worker-848] INFO  o.e.m.c.i.embedder.EclipseLogger - skip non existing resourceDirectory C:\automationSoftek\ISOTrainWeb\src\test\resources
2021-03-15 14:22:07,060 [Worker-849] INFO  o.e.m.c.i.embedder.EclipseLogger - Using 'UTF-8' encoding to copy filtered resources.
2021-03-15 14:22:07,060 [Worker-849] INFO  o.e.m.c.i.embedder.EclipseLogger - skip non existing resourceDirectory C:\automationSoftek\ISOTrainWeb\src\main\resources
2021-03-15 14:22:07,061 [Worker-849] INFO  o.e.m.c.i.embedder.EclipseLogger - Using 'UTF-8' encoding to copy filtered resources.
2021-03-15 14:22:07,061 [Worker-849] INFO  o.e.m.c.i.embedder.EclipseLogger - skip non existing resourceDirectory C:\automationSoftek\ISOTrainWeb\src\test\resources
2021-03-15 14:40:06,528 [Worker-858] INFO  o.e.m.c.i.embedder.EclipseLogger - Using 'UTF-8' encoding to copy filtered resources.
2021-03-15 14:40:06,528 [Worker-858] INFO  o.e.m.c.i.embedder.EclipseLogger - skip non existing resourceDirectory C:\automationSoftek\ISOTrainWeb\src\main\resources
2021-03-15 14:40:06,529 [Worker-858] INFO  o.e.m.c.i.embedder.EclipseLogger - Using 'UTF-8' encoding to copy filtered resources.
2021-03-15 14:40:06,529 [Worker-858] INFO  o.e.m.c.i.embedder.EclipseLogger - skip non existing resourceDirectory C:\automationSoftek\ISOTrainWeb\src\test\resources
2021-03-15 14:46:21,168 [Worker-856] INFO  o.e.m.c.i.embedder.EclipseLogger - Using 'UTF-8' encoding to copy filtered resources.
2021-03-15 14:46:21,169 [Worker-856] INFO  o.e.m.c.i.embedder.EclipseLogger - skip non existing resourceDirectory C:\automationSoftek\ISOTrainWeb\src\main\resources
2021-03-15 14:46:21,170 [Worker-856] INFO  o.e.m.c.i.embedder.EclipseLogger - Using 'UTF-8' encoding to copy filtered resources.
2021-03-15 14:46:21,170 [Worker-856] INFO  o.e.m.c.i.embedder.EclipseLogger - skip non existing resourceDirectory C:\automationSoftek\ISOTrainWeb\src\test\resources
2021-03-15 14:49:13,025 [Worker-856] INFO  o.e.m.c.i.embedder.EclipseLogger - Using 'UTF-8' encoding to copy filtered resources.
2021-03-15 14:49:13,025 [Worker-856] INFO  o.e.m.c.i.embedder.EclipseLogger - skip non existing resourceDirectory C:\automationSoftek\ISOTrainWeb\src\main\resources
